This is pdfTeX, Version 3.1415926-2.5-1.40.14 (MiKTeX 2.9) (preloaded format=pdflatex 2015.8.29)  13 FEB 2016 13:02
entering extended mode
**Experiment4.tex

("C:\Users\Ryan Helsdingen\Documents\School\ECE 385\ECE385_Labs\Experiment #4\E
xperiment4.tex"
LaTeX2e <2011/06/27>
Babel <v3.8m> and hyphenation patterns for english, afrikaans, ancientgreek, ar
abic, armenian, assamese, basque, bengali, bokmal, bulgarian, catalan, coptic, 
croatian, czech, danish, dutch, esperanto, estonian, farsi, finnish, french, ga
lician, german, german-x-2013-05-26, greek, gujarati, hindi, hungarian, iceland
ic, indonesian, interlingua, irish, italian, kannada, kurmanji, latin, latvian,
 lithuanian, malayalam, marathi, mongolian, mongolianlmc, monogreek, ngerman, n
german-x-2013-05-26, nynorsk, oriya, panjabi, pinyin, polish, portuguese, roman
ian, russian, sanskrit, serbian, slovak, slovenian, spanish, swedish, swissgerm
an, tamil, telugu, turkish, turkmen, ukenglish, ukrainian, uppersorbian, usengl
ishmax, welsh, loaded.

("C:\Users\Ryan Helsdingen\Documents\School\ECE 385\ECE385_Labs\Experiment #4\I
EEEtran.cls"
Document Class: IEEEtran 2007/03/05 V1.7a by Michael Shell
-- See the "IEEEtran_HOWTO" manual for usage information.
-- http://www.michaelshell.org/tex/ieeetran/
\@IEEEtrantmpdimenA=\dimen102
\@IEEEtrantmpdimenB=\dimen103
\@IEEEtrantmpcountA=\count79
\@IEEEtrantmpcountB=\count80
\@IEEEtrantmptoksA=\toks14
LaTeX Font Info:    Try loading font information for OT1+ptm on input line 366.

("C:\Program Files (x86)\MiKTeX 2.90\tex\latex\psnfss\ot1ptm.fd"
File: ot1ptm.fd 2001/06/04 font definitions for OT1/ptm.
)
-- Using 8.5in x 11in (letter) paper.
-- Using PDF output.
\@IEEEnormalsizeunitybaselineskip=\dimen104
-- This is an 11 point document.
\CLASSINFOnormalsizebaselineskip=\dimen105
\CLASSINFOnormalsizeunitybaselineskip=\dimen106
\IEEEnormaljot=\dimen107
LaTeX Font Info:    Font shape `OT1/ptm/bx/n' in size <6> not available
(Font)              Font shape `OT1/ptm/b/n' tried instead on input line 724.
LaTeX Font Info:    Font shape `OT1/ptm/bx/it' in size <6> not available
(Font)              Font shape `OT1/ptm/b/it' tried instead on input line 724.
LaTeX Font Info:    Font shape `OT1/ptm/bx/n' in size <8> not available
(Font)              Font shape `OT1/ptm/b/n' tried instead on input line 724.
LaTeX Font Info:    Font shape `OT1/ptm/bx/it' in size <8> not available
(Font)              Font shape `OT1/ptm/b/it' tried instead on input line 724.
LaTeX Font Info:    Font shape `OT1/ptm/bx/n' in size <9> not available
(Font)              Font shape `OT1/ptm/b/n' tried instead on input line 724.
LaTeX Font Info:    Font shape `OT1/ptm/bx/it' in size <9> not available
(Font)              Font shape `OT1/ptm/b/it' tried instead on input line 724.
LaTeX Font Info:    Font shape `OT1/ptm/bx/n' in size <10> not available
(Font)              Font shape `OT1/ptm/b/n' tried instead on input line 724.
LaTeX Font Info:    Font shape `OT1/ptm/bx/it' in size <10> not available
(Font)              Font shape `OT1/ptm/b/it' tried instead on input line 724.
LaTeX Font Info:    Font shape `OT1/ptm/bx/n' in size <11> not available
(Font)              Font shape `OT1/ptm/b/n' tried instead on input line 724.
LaTeX Font Info:    Font shape `OT1/ptm/bx/it' in size <11> not available
(Font)              Font shape `OT1/ptm/b/it' tried instead on input line 724.
LaTeX Font Info:    Font shape `OT1/ptm/bx/n' in size <12> not available
(Font)              Font shape `OT1/ptm/b/n' tried instead on input line 724.
LaTeX Font Info:    Font shape `OT1/ptm/bx/it' in size <12> not available
(Font)              Font shape `OT1/ptm/b/it' tried instead on input line 724.
LaTeX Font Info:    Font shape `OT1/ptm/bx/n' in size <17> not available
(Font)              Font shape `OT1/ptm/b/n' tried instead on input line 724.
LaTeX Font Info:    Font shape `OT1/ptm/bx/it' in size <17> not available
(Font)              Font shape `OT1/ptm/b/it' tried instead on input line 724.
LaTeX Font Info:    Font shape `OT1/ptm/bx/n' in size <20> not available
(Font)              Font shape `OT1/ptm/b/n' tried instead on input line 724.
LaTeX Font Info:    Font shape `OT1/ptm/bx/it' in size <20> not available
(Font)              Font shape `OT1/ptm/b/it' tried instead on input line 724.
LaTeX Font Info:    Font shape `OT1/ptm/bx/n' in size <24> not available
(Font)              Font shape `OT1/ptm/b/n' tried instead on input line 724.
LaTeX Font Info:    Font shape `OT1/ptm/bx/it' in size <24> not available
(Font)              Font shape `OT1/ptm/b/it' tried instead on input line 724.
\IEEEilabelindentA=\dimen108
\IEEEilabelindentB=\dimen109
\IEEEilabelindent=\dimen110
\IEEEelabelindent=\dimen111
\IEEEdlabelindent=\dimen112
\IEEElabelindent=\dimen113
\IEEEiednormlabelsep=\dimen114
\IEEEiedmathlabelsep=\dimen115
\IEEEiedtopsep=\skip41
\c@section=\count81
\c@subsection=\count82
\c@subsubsection=\count83
\c@paragraph=\count84
\c@IEEEsubequation=\count85
\abovecaptionskip=\skip42
\belowcaptionskip=\skip43
\c@figure=\count86
\c@table=\count87
\@IEEEeqnnumcols=\count88
\@IEEEeqncolcnt=\count89
\@IEEEtmpitemindent=\dimen116
\c@IEEEbiography=\count90
\@IEEEtranrubishbin=\box26
)
("C:\Users\Ryan Helsdingen\Documents\School\ECE 385\ECE385_Labs\Experiment #4\h
eader.tex" ("C:\Program Files (x86)\MiKTeX 2.90\tex\latex\misc\etex.sty"
Package: etex 1998/03/26 v2.0 eTeX basic definition package (PEB)
\et@xins=\count91
)
("C:\Program Files (x86)\MiKTeX 2.90\tex\latex\setspace\setspace.sty"
Package: setspace 2011/12/19 v6.7a set line spacing
)
("C:\Program Files (x86)\MiKTeX 2.90\tex\latex\float\float.sty"
Package: float 2001/11/08 v1.3d Float enhancements (AL)
\c@float@type=\count92
\float@exts=\toks15
\float@box=\box27
\@float@everytoks=\toks16
\@floatcapt=\box28
)
("C:\Program Files (x86)\MiKTeX 2.90\tex\latex\subfig\subfig.sty"
Package: subfig 2005/06/28 ver: 1.3 subfig package

("C:\Program Files (x86)\MiKTeX 2.90\tex\latex\graphics\keyval.sty"
Package: keyval 1999/03/16 v1.13 key=value parser (DPC)
\KV@toks@=\toks17
)
("C:\Program Files (x86)\MiKTeX 2.90\tex\latex\caption\caption.sty"
Package: caption 2013/05/02 v3.3-89 Customizing captions (AR)

("C:\Program Files (x86)\MiKTeX 2.90\tex\latex\caption\caption3.sty"
Package: caption3 2013/05/02 v1.6-88 caption3 kernel (AR)
Package caption3 Info: TeX engine: e-TeX on input line 57.
\captionmargin=\dimen117
\captionmargin@=\dimen118
\captionwidth=\dimen119
\caption@tempdima=\dimen120
\caption@indent=\dimen121
\caption@parindent=\dimen122
\caption@hangindent=\dimen123
Package caption Info: Unknown document class (or package),
(caption)             standard defaults will be used.
)

Package caption Warning: Unsupported document class (or package) detected,
(caption)                usage of the caption package is not recommended.
See the caption package documentation for explanation.

Package caption Info: \@makecaption = \long macro:#1#2->\ifx \@captype \@IEEEta
blestring \footnotesize \begin {center}{\normalfont \footnotesize #1}\\{\normal
font \footnotesize \scshape #2}\end {center}\@IEEEtablecaptionsepspace \else \@
IEEEfigurecaptionsepspace \setbox \@tempboxa \hbox {\normalfont \footnotesize {
#1.}~~ #2}\ifdim \wd \@tempboxa >\hsize \setbox \@tempboxa \hbox {\normalfont \
footnotesize {#1.}~~ }\parbox [t]{\hsize }{\normalfont \footnotesize \noindent 
\unhbox \@tempboxa #2}\else \ifCLASSOPTIONconference \hbox to\hsize {\normalfon
t \footnotesize \hfil \box \@tempboxa \hfil }\else \hbox to\hsize {\normalfont 
\footnotesize \box \@tempboxa \hfil }\fi \fi \fi .
\c@ContinuedFloat=\count93
Package caption Info: float package is loaded.
)
\c@KVtest=\count94
\sf@farskip=\skip44
\sf@captopadj=\dimen124
\sf@capskip=\skip45
\sf@nearskip=\skip46
\c@subfigure=\count95
\c@subfigure@save=\count96
\c@lofdepth=\count97
\c@subtable=\count98
\c@subtable@save=\count99
\c@lotdepth=\count100
\sf@top=\skip47
\sf@bottom=\skip48
) ("C:\Program Files (x86)\MiKTeX 2.90\tex\latex\graphics\graphicx.sty"
Package: graphicx 1999/02/16 v1.0f Enhanced LaTeX Graphics (DPC,SPQR)

("C:\Program Files (x86)\MiKTeX 2.90\tex\latex\graphics\graphics.sty"
Package: graphics 2009/02/05 v1.0o Standard LaTeX Graphics (DPC,SPQR)

("C:\Program Files (x86)\MiKTeX 2.90\tex\latex\graphics\trig.sty"
Package: trig 1999/03/16 v1.09 sin cos tan (DPC)
)
("C:\Program Files (x86)\MiKTeX 2.90\tex\latex\00miktex\graphics.cfg"
File: graphics.cfg 2007/01/18 v1.5 graphics configuration of teTeX/TeXLive
)
Package graphics Info: Driver file: pdftex.def on input line 91.

("C:\Program Files (x86)\MiKTeX 2.90\tex\latex\pdftex-def\pdftex.def"
File: pdftex.def 2011/05/27 v0.06d Graphics/color for pdfTeX

("C:\Program Files (x86)\MiKTeX 2.90\tex\generic\oberdiek\infwarerr.sty"
Package: infwarerr 2010/04/08 v1.3 Providing info/warning/error messages (HO)
)
("C:\Program Files (x86)\MiKTeX 2.90\tex\generic\oberdiek\ltxcmds.sty"
Package: ltxcmds 2011/11/09 v1.22 LaTeX kernel commands for general use (HO)
)
\Gread@gobject=\count101
))
\Gin@req@height=\dimen125
\Gin@req@width=\dimen126
)
("C:\Program Files (x86)\MiKTeX 2.90\tex\latex\circuitikz\circuitikz.sty"
Package: circuitikz 2015/05/15 The CircuiTikz circuit drawing package version 0
.4

("C:\Program Files (x86)\MiKTeX 2.90\tex\latex\pgf\frontendlayer\tikz.sty"
("C:\Program Files (x86)\MiKTeX 2.90\tex\latex\pgf\basiclayer\pgf.sty"
("C:\Program Files (x86)\MiKTeX 2.90\tex\latex\pgf\utilities\pgfrcs.sty"
("C:\Program Files (x86)\MiKTeX 2.90\tex\generic\pgf\utilities\pgfutil-common.t
ex"
\pgfutil@everybye=\toks18
\pgfutil@tempdima=\dimen127
\pgfutil@tempdimb=\dimen128

("C:\Program Files (x86)\MiKTeX 2.90\tex\generic\pgf\utilities\pgfutil-common-l
ists.tex"))
("C:\Program Files (x86)\MiKTeX 2.90\tex\generic\pgf\utilities\pgfutil-latex.de
f"
\pgfutil@abb=\box29
 ("C:\Program Files (x86)\MiKTeX 2.90\tex\latex\ms\everyshi.sty"
Package: everyshi 2001/05/15 v3.00 EveryShipout Package (MS)
))
("C:\Program Files (x86)\MiKTeX 2.90\tex\generic\pgf\utilities\pgfrcs.code.tex"
Package: pgfrcs 2015/08/07 v3.0.1a (rcs-revision 1.31)
))
Package: pgf 2015/08/07 v3.0.1a (rcs-revision 1.15)
 ("C:\Program Files (x86)\MiKTeX 2.90\tex\latex\pgf\basiclayer\pgfcore.sty"
("C:\Program Files (x86)\MiKTeX 2.90\tex\latex\pgf\systemlayer\pgfsys.sty"
("C:\Program Files (x86)\MiKTeX 2.90\tex\generic\pgf\systemlayer\pgfsys.code.te
x"
Package: pgfsys 2014/07/09 v3.0.1a (rcs-revision 1.48)

("C:\Program Files (x86)\MiKTeX 2.90\tex\generic\pgf\utilities\pgfkeys.code.tex
"
\pgfkeys@pathtoks=\toks19
\pgfkeys@temptoks=\toks20

("C:\Program Files (x86)\MiKTeX 2.90\tex\generic\pgf\utilities\pgfkeysfiltered.
code.tex"
\pgfkeys@tmptoks=\toks21
))
\pgf@x=\dimen129
\pgf@y=\dimen130
\pgf@xa=\dimen131
\pgf@ya=\dimen132
\pgf@xb=\dimen133
\pgf@yb=\dimen134
\pgf@xc=\dimen135
\pgf@yc=\dimen136
\w@pgf@writea=\write3
\r@pgf@reada=\read1
\c@pgf@counta=\count102
\c@pgf@countb=\count103
\c@pgf@countc=\count104
\c@pgf@countd=\count105
\t@pgf@toka=\toks22
\t@pgf@tokb=\toks23
\t@pgf@tokc=\toks24

("C:\Program Files (x86)\MiKTeX 2.90\tex\generic\pgf\systemlayer\pgf.cfg"
File: pgf.cfg 2008/05/14  (rcs-revision 1.7)
)
Driver file for pgf: pgfsys-pdftex.def

("C:\Program Files (x86)\MiKTeX 2.90\tex\generic\pgf\systemlayer\pgfsys-pdftex.
def"
File: pgfsys-pdftex.def 2014/10/11  (rcs-revision 1.35)

("C:\Program Files (x86)\MiKTeX 2.90\tex\generic\pgf\systemlayer\pgfsys-common-
pdf.def"
File: pgfsys-common-pdf.def 2013/10/10  (rcs-revision 1.13)
)))
("C:\Program Files (x86)\MiKTeX 2.90\tex\generic\pgf\systemlayer\pgfsyssoftpath
.code.tex"
File: pgfsyssoftpath.code.tex 2013/09/09  (rcs-revision 1.9)
\pgfsyssoftpath@smallbuffer@items=\count106
\pgfsyssoftpath@bigbuffer@items=\count107
)
("C:\Program Files (x86)\MiKTeX 2.90\tex\generic\pgf\systemlayer\pgfsysprotocol
.code.tex"
File: pgfsysprotocol.code.tex 2006/10/16  (rcs-revision 1.4)
)) ("C:\Program Files (x86)\MiKTeX 2.90\tex\latex\xcolor\xcolor.sty"
Package: xcolor 2007/01/21 v2.11 LaTeX color extensions (UK)

("C:\Program Files (x86)\MiKTeX 2.90\tex\latex\00miktex\color.cfg"
File: color.cfg 2007/01/18 v1.5 color configuration of teTeX/TeXLive
)
Package xcolor Info: Driver file: pdftex.def on input line 225.
Package xcolor Info: Model `cmy' substituted by `cmy0' on input line 1337.
Package xcolor Info: Model `hsb' substituted by `rgb' on input line 1341.
Package xcolor Info: Model `RGB' extended on input line 1353.
Package xcolor Info: Model `HTML' substituted by `rgb' on input line 1355.
Package xcolor Info: Model `Hsb' substituted by `hsb' on input line 1356.
Package xcolor Info: Model `tHsb' substituted by `hsb' on input line 1357.
Package xcolor Info: Model `HSB' substituted by `hsb' on input line 1358.
Package xcolor Info: Model `Gray' substituted by `gray' on input line 1359.
Package xcolor Info: Model `wave' substituted by `hsb' on input line 1360.
)
("C:\Program Files (x86)\MiKTeX 2.90\tex\generic\pgf\basiclayer\pgfcore.code.te
x"
Package: pgfcore 2010/04/11 v3.0.1a (rcs-revision 1.7)
 ("C:\Program Files (x86)\MiKTeX 2.90\tex\generic\pgf\math\pgfmath.code.tex"
("C:\Program Files (x86)\MiKTeX 2.90\tex\generic\pgf\math\pgfmathcalc.code.tex"
("C:\Program Files (x86)\MiKTeX 2.90\tex\generic\pgf\math\pgfmathutil.code.tex"
)
("C:\Program Files (x86)\MiKTeX 2.90\tex\generic\pgf\math\pgfmathparser.code.te
x"
\pgfmath@dimen=\dimen137
\pgfmath@count=\count108
\pgfmath@box=\box30
\pgfmath@toks=\toks25
\pgfmath@stack@operand=\toks26
\pgfmath@stack@operation=\toks27
)
("C:\Program Files (x86)\MiKTeX 2.90\tex\generic\pgf\math\pgfmathfunctions.code
.tex"
("C:\Program Files (x86)\MiKTeX 2.90\tex\generic\pgf\math\pgfmathfunctions.basi
c.code.tex")
("C:\Program Files (x86)\MiKTeX 2.90\tex\generic\pgf\math\pgfmathfunctions.trig
onometric.code.tex")
("C:\Program Files (x86)\MiKTeX 2.90\tex\generic\pgf\math\pgfmathfunctions.rand
om.code.tex")
("C:\Program Files (x86)\MiKTeX 2.90\tex\generic\pgf\math\pgfmathfunctions.comp
arison.code.tex")
("C:\Program Files (x86)\MiKTeX 2.90\tex\generic\pgf\math\pgfmathfunctions.base
.code.tex")
("C:\Program Files (x86)\MiKTeX 2.90\tex\generic\pgf\math\pgfmathfunctions.roun
d.code.tex")
("C:\Program Files (x86)\MiKTeX 2.90\tex\generic\pgf\math\pgfmathfunctions.misc
.code.tex")
("C:\Program Files (x86)\MiKTeX 2.90\tex\generic\pgf\math\pgfmathfunctions.inte
gerarithmetics.code.tex")))
("C:\Program Files (x86)\MiKTeX 2.90\tex\generic\pgf\math\pgfmathfloat.code.tex
"
\c@pgfmathroundto@lastzeros=\count109
))
("C:\Program Files (x86)\MiKTeX 2.90\tex\generic\pgf\basiclayer\pgfcorepoints.c
ode.tex"
File: pgfcorepoints.code.tex 2013/10/07  (rcs-revision 1.27)
\pgf@picminx=\dimen138
\pgf@picmaxx=\dimen139
\pgf@picminy=\dimen140
\pgf@picmaxy=\dimen141
\pgf@pathminx=\dimen142
\pgf@pathmaxx=\dimen143
\pgf@pathminy=\dimen144
\pgf@pathmaxy=\dimen145
\pgf@xx=\dimen146
\pgf@xy=\dimen147
\pgf@yx=\dimen148
\pgf@yy=\dimen149
\pgf@zx=\dimen150
\pgf@zy=\dimen151
)
("C:\Program Files (x86)\MiKTeX 2.90\tex\generic\pgf\basiclayer\pgfcorepathcons
truct.code.tex"
File: pgfcorepathconstruct.code.tex 2013/10/07  (rcs-revision 1.29)
\pgf@path@lastx=\dimen152
\pgf@path@lasty=\dimen153
)
("C:\Program Files (x86)\MiKTeX 2.90\tex\generic\pgf\basiclayer\pgfcorepathusag
e.code.tex"
File: pgfcorepathusage.code.tex 2014/11/02  (rcs-revision 1.24)
\pgf@shorten@end@additional=\dimen154
\pgf@shorten@start@additional=\dimen155
)
("C:\Program Files (x86)\MiKTeX 2.90\tex\generic\pgf\basiclayer\pgfcorescopes.c
ode.tex"
File: pgfcorescopes.code.tex 2015/05/08  (rcs-revision 1.46)
\pgfpic=\box31
\pgf@hbox=\box32
\pgf@layerbox@main=\box33
\pgf@picture@serial@count=\count110
)
("C:\Program Files (x86)\MiKTeX 2.90\tex\generic\pgf\basiclayer\pgfcoregraphics
tate.code.tex"
File: pgfcoregraphicstate.code.tex 2014/11/02  (rcs-revision 1.12)
\pgflinewidth=\dimen156
)
("C:\Program Files (x86)\MiKTeX 2.90\tex\generic\pgf\basiclayer\pgfcoretransfor
mations.code.tex"
File: pgfcoretransformations.code.tex 2015/08/07  (rcs-revision 1.20)
\pgf@pt@x=\dimen157
\pgf@pt@y=\dimen158
\pgf@pt@temp=\dimen159
)
("C:\Program Files (x86)\MiKTeX 2.90\tex\generic\pgf\basiclayer\pgfcorequick.co
de.tex"
File: pgfcorequick.code.tex 2008/10/09  (rcs-revision 1.3)
)
("C:\Program Files (x86)\MiKTeX 2.90\tex\generic\pgf\basiclayer\pgfcoreobjects.
code.tex"
File: pgfcoreobjects.code.tex 2006/10/11  (rcs-revision 1.2)
)
("C:\Program Files (x86)\MiKTeX 2.90\tex\generic\pgf\basiclayer\pgfcorepathproc
essing.code.tex"
File: pgfcorepathprocessing.code.tex 2013/09/09  (rcs-revision 1.9)
)
("C:\Program Files (x86)\MiKTeX 2.90\tex\generic\pgf\basiclayer\pgfcorearrows.c
ode.tex"
File: pgfcorearrows.code.tex 2015/05/14  (rcs-revision 1.43)
\pgfarrowsep=\dimen160
)
("C:\Program Files (x86)\MiKTeX 2.90\tex\generic\pgf\basiclayer\pgfcoreshade.co
de.tex"
File: pgfcoreshade.code.tex 2013/07/15  (rcs-revision 1.15)
\pgf@max=\dimen161
\pgf@sys@shading@range@num=\count111
)
("C:\Program Files (x86)\MiKTeX 2.90\tex\generic\pgf\basiclayer\pgfcoreimage.co
de.tex"
File: pgfcoreimage.code.tex 2013/07/15  (rcs-revision 1.18)

("C:\Program Files (x86)\MiKTeX 2.90\tex\generic\pgf\basiclayer\pgfcoreexternal
.code.tex"
File: pgfcoreexternal.code.tex 2014/07/09  (rcs-revision 1.21)
\pgfexternal@startupbox=\box34
))
("C:\Program Files (x86)\MiKTeX 2.90\tex\generic\pgf\basiclayer\pgfcorelayers.c
ode.tex"
File: pgfcorelayers.code.tex 2013/07/18  (rcs-revision 1.7)
)
("C:\Program Files (x86)\MiKTeX 2.90\tex\generic\pgf\basiclayer\pgfcoretranspar
ency.code.tex"
File: pgfcoretransparency.code.tex 2013/09/30  (rcs-revision 1.5)
)
("C:\Program Files (x86)\MiKTeX 2.90\tex\generic\pgf\basiclayer\pgfcorepatterns
.code.tex"
File: pgfcorepatterns.code.tex 2013/11/07  (rcs-revision 1.5)
)))
("C:\Program Files (x86)\MiKTeX 2.90\tex\generic\pgf\modules\pgfmoduleshapes.co
de.tex"
File: pgfmoduleshapes.code.tex 2014/03/21  (rcs-revision 1.35)
\pgfnodeparttextbox=\box35
)
("C:\Program Files (x86)\MiKTeX 2.90\tex\generic\pgf\modules\pgfmoduleplot.code
.tex"
File: pgfmoduleplot.code.tex 2015/08/03  (rcs-revision 1.13)
)
("C:\Program Files (x86)\MiKTeX 2.90\tex\latex\pgf\compatibility\pgfcomp-versio
n-0-65.sty"
Package: pgfcomp-version-0-65 2007/07/03 v3.0.1a (rcs-revision 1.7)
\pgf@nodesepstart=\dimen162
\pgf@nodesepend=\dimen163
)
("C:\Program Files (x86)\MiKTeX 2.90\tex\latex\pgf\compatibility\pgfcomp-versio
n-1-18.sty"
Package: pgfcomp-version-1-18 2007/07/23 v3.0.1a (rcs-revision 1.1)
))
("C:\Program Files (x86)\MiKTeX 2.90\tex\latex\pgf\utilities\pgffor.sty"
("C:\Program Files (x86)\MiKTeX 2.90\tex\latex\pgf\utilities\pgfkeys.sty"
("C:\Program Files (x86)\MiKTeX 2.90\tex\generic\pgf\utilities\pgfkeys.code.tex
")) ("C:\Program Files (x86)\MiKTeX 2.90\tex\latex\pgf\math\pgfmath.sty"
("C:\Program Files (x86)\MiKTeX 2.90\tex\generic\pgf\math\pgfmath.code.tex"))
("C:\Program Files (x86)\MiKTeX 2.90\tex\generic\pgf\utilities\pgffor.code.tex"
Package: pgffor 2013/12/13 v3.0.1a (rcs-revision 1.25)
("C:\Program Files (x86)\MiKTeX 2.90\tex\generic\pgf\math\pgfmath.code.tex")
\pgffor@iter=\dimen164
\pgffor@skip=\dimen165
\pgffor@stack=\toks28
\pgffor@toks=\toks29
))
("C:\Program Files (x86)\MiKTeX 2.90\tex\generic\pgf\frontendlayer\tikz\tikz.co
de.tex"
Package: tikz 2015/08/07 v3.0.1a (rcs-revision 1.151)

("C:\Program Files (x86)\MiKTeX 2.90\tex\generic\pgf\libraries\pgflibraryplotha
ndlers.code.tex"
File: pgflibraryplothandlers.code.tex 2013/08/31 v3.0.1a (rcs-revision 1.20)
\pgf@plot@mark@count=\count112
\pgfplotmarksize=\dimen166
)
\tikz@lastx=\dimen167
\tikz@lasty=\dimen168
\tikz@lastxsaved=\dimen169
\tikz@lastysaved=\dimen170
\tikzleveldistance=\dimen171
\tikzsiblingdistance=\dimen172
\tikz@figbox=\box36
\tikz@figbox@bg=\box37
\tikz@tempbox=\box38
\tikz@tempbox@bg=\box39
\tikztreelevel=\count113
\tikznumberofchildren=\count114
\tikznumberofcurrentchild=\count115
\tikz@fig@count=\count116

("C:\Program Files (x86)\MiKTeX 2.90\tex\generic\pgf\modules\pgfmodulematrix.co
de.tex"
File: pgfmodulematrix.code.tex 2013/09/17  (rcs-revision 1.8)
\pgfmatrixcurrentrow=\count117
\pgfmatrixcurrentcolumn=\count118
\pgf@matrix@numberofcolumns=\count119
)
\tikz@expandcount=\count120

("C:\Program Files (x86)\MiKTeX 2.90\tex\generic\pgf\frontendlayer\tikz\librari
es\tikzlibrarytopaths.code.tex"
File: tikzlibrarytopaths.code.tex 2008/06/17 v3.0.1a (rcs-revision 1.2)
)))
("C:\Program Files (x86)\MiKTeX 2.90\tex\generic\pgf\frontendlayer\tikz\librari
es\tikzlibrarycalc.code.tex"
File: tikzlibrarycalc.code.tex 2013/07/15 v3.0.1a (rcs-revision 1.9)
)
("C:\Program Files (x86)\MiKTeX 2.90\tex\generic\pgf\libraries\pgflibraryarrows
.code.tex"
File: pgflibraryarrows.code.tex 2013/09/23 v3.0.1a (rcs-revision 1.16)
\arrowsize=\dimen173
)
("C:\Program Files (x86)\MiKTeX 2.90\tex\generic\circuitikz\circuitikz.code.tex
"
\pgf@circ@Rlen=\dimen174
 ("C:\Program Files (x86)\MiKTeX 2.90\tex\generic\circuitikz\pgfcircutils.tex")
 ("C:\Program Files (x86)\MiKTeX 2.90\tex\generic\circuitikz\pgfcircmath.tex") 
("C:\Program Files (x86)\MiKTeX 2.90\tex\generic\circuitikz\pgfcircshapes.tex")

("C:\Program Files (x86)\MiKTeX 2.90\tex\generic\circuitikz\pgfcircmonopoles.te
x")
("C:\Program Files (x86)\MiKTeX 2.90\tex\generic\circuitikz\pgfcircbipoles.tex"
)
("C:\Program Files (x86)\MiKTeX 2.90\tex\generic\circuitikz\pgfcirctripoles.tex
")
("C:\Program Files (x86)\MiKTeX 2.90\tex\generic\circuitikz\pgfcircquadpoles.te
x")
("C:\Program Files (x86)\MiKTeX 2.90\tex\generic\circuitikz\pgfcircnpoles.tex")
("C:\Program Files (x86)\MiKTeX 2.90\tex\generic\circuitikz\pgfcirclabel.tex")
("C:\Program Files (x86)\MiKTeX 2.90\tex\generic\circuitikz\pgfcircvoltage.tex"
) ("C:\Program Files (x86)\MiKTeX 2.90\tex\generic\circuitikz\pgfcirccurrent.te
x")
("C:\Program Files (x86)\MiKTeX 2.90\tex\generic\circuitikz\pgfcircinputarrows.
tex"))
("C:\Program Files (x86)\MiKTeX 2.90\tex\generic\circuitikz\circuitikz1.code.te
x"
\pgf@circ@res@up=\dimen175
\pgf@circ@res@down=\dimen176
\pgf@circ@res@zero=\dimen177
\pgf@circ@res@left=\dimen178
\pgf@circ@res@right=\dimen179
\pgf@circ@res@other=\dimen180
\pgf@circ@res@step=\dimen181
\pgf@circ@res@temp=\dimen182
\pgfstartlinewidth=\dimen183
)) ("C:\Program Files (x86)\MiKTeX 2.90\tex\latex\oberdiek\epstopdf.sty"
Package: epstopdf 2010/02/09 v2.5 Conversion with epstopdf on the fly (HO)

("C:\Program Files (x86)\MiKTeX 2.90\tex\latex\oberdiek\epstopdf-base.sty"
Package: epstopdf-base 2010/02/09 v2.5 Base part for package epstopdf

("C:\Program Files (x86)\MiKTeX 2.90\tex\latex\oberdiek\grfext.sty"
Package: grfext 2010/08/19 v1.1 Manage graphics extensions (HO)

("C:\Program Files (x86)\MiKTeX 2.90\tex\generic\oberdiek\kvdefinekeys.sty"
Package: kvdefinekeys 2011/04/07 v1.3 Define keys (HO)
))
("C:\Program Files (x86)\MiKTeX 2.90\tex\latex\oberdiek\kvoptions.sty"
Package: kvoptions 2011/06/30 v3.11 Key value format for package options (HO)

("C:\Program Files (x86)\MiKTeX 2.90\tex\generic\oberdiek\kvsetkeys.sty"
Package: kvsetkeys 2012/04/25 v1.16 Key value parser (HO)

("C:\Program Files (x86)\MiKTeX 2.90\tex\generic\oberdiek\etexcmds.sty"
Package: etexcmds 2011/02/16 v1.5 Avoid name clashes with e-TeX commands (HO)

("C:\Program Files (x86)\MiKTeX 2.90\tex\generic\oberdiek\ifluatex.sty"
Package: ifluatex 2010/03/01 v1.3 Provides the ifluatex switch (HO)
Package ifluatex Info: LuaTeX not detected.
)
Package etexcmds Info: Could not find \expanded.
(etexcmds)             That can mean that you are not using pdfTeX 1.50 or
(etexcmds)             that some package has redefined \expanded.
(etexcmds)             In the latter case, load this package earlier.
)))
("C:\Program Files (x86)\MiKTeX 2.90\tex\generic\oberdiek\pdftexcmds.sty"
Package: pdftexcmds 2011/11/29 v0.20 Utility functions of pdfTeX for LuaTeX (HO
)

("C:\Program Files (x86)\MiKTeX 2.90\tex\generic\oberdiek\ifpdf.sty"
Package: ifpdf 2011/01/30 v2.3 Provides the ifpdf switch (HO)
Package ifpdf Info: pdfTeX in PDF mode is detected.
)
Package pdftexcmds Info: LuaTeX not detected.
Package pdftexcmds Info: \pdf@primitive is available.
Package pdftexcmds Info: \pdf@ifprimitive is available.
Package pdftexcmds Info: \pdfdraftmode found.
)
Package grfext Info: Graphics extension search list:
(grfext)             [.png,.pdf,.jpg,.mps,.jpeg,.jbig2,.jb2,.PNG,.PDF,.JPG,.JPE
G,.JBIG2,.JB2,.eps]
(grfext)             \AppendGraphicsExtensions on input line 452.
))
("C:\Program Files (x86)\MiKTeX 2.90\tex\generic\pgf\frontendlayer\tikz\librari
es\tikzlibrarymatrix.code.tex"
File: tikzlibrarymatrix.code.tex 2013/07/12 v3.0.1a (rcs-revision 1.4)
)
("C:\Program Files (x86)\MiKTeX 2.90\tex\generic\pgf\frontendlayer\tikz\librari
es\tikzlibraryshapes.code.tex"
File: tikzlibraryshapes.code.tex 2008/01/09 v3.0.1a (rcs-revision 1.1)

("C:\Program Files (x86)\MiKTeX 2.90\tex\generic\pgf\frontendlayer\tikz\librari
es\tikzlibraryshapes.geometric.code.tex"
File: tikzlibraryshapes.geometric.code.tex 2008/01/09 v3.0.1a (rcs-revision 1.1
)

("C:\Program Files (x86)\MiKTeX 2.90\tex\generic\pgf\libraries\shapes\pgflibrar
yshapes.geometric.code.tex"
File: pgflibraryshapes.geometric.code.tex 2008/06/26 v3.0.1a (rcs-revision 1.1)

))
("C:\Program Files (x86)\MiKTeX 2.90\tex\generic\pgf\frontendlayer\tikz\librari
es\tikzlibraryshapes.misc.code.tex"
File: tikzlibraryshapes.misc.code.tex 2008/01/09 v3.0.1a (rcs-revision 1.1)

("C:\Program Files (x86)\MiKTeX 2.90\tex\generic\pgf\libraries\shapes\pgflibrar
yshapes.misc.code.tex"
File: pgflibraryshapes.misc.code.tex 2013/07/18 v3.0.1a (rcs-revision 1.5)
))
("C:\Program Files (x86)\MiKTeX 2.90\tex\generic\pgf\frontendlayer\tikz\librari
es\tikzlibraryshapes.symbols.code.tex"
File: tikzlibraryshapes.symbols.code.tex 2008/01/09 v3.0.1a (rcs-revision 1.1)

("C:\Program Files (x86)\MiKTeX 2.90\tex\generic\pgf\libraries\shapes\pgflibrar
yshapes.symbols.code.tex"
File: pgflibraryshapes.symbols.code.tex 2013/09/11 v3.0.1a (rcs-revision 1.6)
))
("C:\Program Files (x86)\MiKTeX 2.90\tex\generic\pgf\frontendlayer\tikz\librari
es\tikzlibraryshapes.arrows.code.tex"
File: tikzlibraryshapes.arrows.code.tex 2008/01/09 v3.0.1a (rcs-revision 1.1)

("C:\Program Files (x86)\MiKTeX 2.90\tex\generic\pgf\libraries\shapes\pgflibrar
yshapes.arrows.code.tex"
File: pgflibraryshapes.arrows.code.tex 2008/06/26 v3.0.1a (rcs-revision 1.1)
))
("C:\Program Files (x86)\MiKTeX 2.90\tex\generic\pgf\frontendlayer\tikz\librari
es\tikzlibraryshapes.callouts.code.tex"
("C:\Program Files (x86)\MiKTeX 2.90\tex\generic\pgf\libraries\shapes\pgflibrar
yshapes.callouts.code.tex"))
("C:\Program Files (x86)\MiKTeX 2.90\tex\generic\pgf\frontendlayer\tikz\librari
es\tikzlibraryshapes.multipart.code.tex"
File: tikzlibraryshapes.multipart.code.tex 2008/01/09 v3.0.1a (rcs-revision 1.1
)

("C:\Program Files (x86)\MiKTeX 2.90\tex\generic\pgf\libraries\shapes\pgflibrar
yshapes.multipart.code.tex"
File: pgflibraryshapes.multipart.code.tex 2010/01/07 v3.0.1a (rcs-revision 1.2)

\pgfnodepartlowerbox=\box40
\pgfnodeparttwobox=\box41
\pgfnodepartthreebox=\box42
\pgfnodepartfourbox=\box43
\pgfnodeparttwentybox=\box44
\pgfnodepartnineteenbox=\box45
\pgfnodeparteighteenbox=\box46
\pgfnodepartseventeenbox=\box47
\pgfnodepartsixteenbox=\box48
\pgfnodepartfifteenbox=\box49
\pgfnodepartfourteenbox=\box50
\pgfnodepartthirteenbox=\box51
\pgfnodeparttwelvebox=\box52
\pgfnodepartelevenbox=\box53
\pgfnodeparttenbox=\box54
\pgfnodepartninebox=\box55
\pgfnodeparteightbox=\box56
\pgfnodepartsevenbox=\box57
\pgfnodepartsixbox=\box58
\pgfnodepartfivebox=\box59
)))
("C:\Program Files (x86)\MiKTeX 2.90\tex\latex\amsmath\amsmath.sty"
Package: amsmath 2013/01/14 v2.14 AMS math features
\@mathmargin=\skip49

For additional information on amsmath, use the `?' option.
("C:\Program Files (x86)\MiKTeX 2.90\tex\latex\amsmath\amstext.sty"
Package: amstext 2000/06/29 v2.01

("C:\Program Files (x86)\MiKTeX 2.90\tex\latex\amsmath\amsgen.sty"
File: amsgen.sty 1999/11/30 v2.0
\@emptytoks=\toks30
\ex@=\dimen184
))
("C:\Program Files (x86)\MiKTeX 2.90\tex\latex\amsmath\amsbsy.sty"
Package: amsbsy 1999/11/29 v1.2d
\pmbraise@=\dimen185
)
("C:\Program Files (x86)\MiKTeX 2.90\tex\latex\amsmath\amsopn.sty"
Package: amsopn 1999/12/14 v2.01 operator names
)
\inf@bad=\count121
LaTeX Info: Redefining \frac on input line 210.
\uproot@=\count122
\leftroot@=\count123
LaTeX Info: Redefining \overline on input line 306.
\classnum@=\count124
\DOTSCASE@=\count125
LaTeX Info: Redefining \ldots on input line 378.
LaTeX Info: Redefining \dots on input line 381.
LaTeX Info: Redefining \cdots on input line 466.
\Mathstrutbox@=\box60
\strutbox@=\box61
\big@size=\dimen186
LaTeX Font Info:    Redeclaring font encoding OML on input line 566.
LaTeX Font Info:    Redeclaring font encoding OMS on input line 567.
\macc@depth=\count126
\c@MaxMatrixCols=\count127
\dotsspace@=\muskip10
\c@parentequation=\count128
\dspbrk@lvl=\count129
\tag@help=\toks31
\row@=\count130
\column@=\count131
\maxfields@=\count132
\andhelp@=\toks32
\eqnshift@=\dimen187
\alignsep@=\dimen188
\tagshift@=\dimen189
\tagwidth@=\dimen190
\totwidth@=\dimen191
\lineht@=\dimen192
\@envbody=\toks33
\multlinegap=\skip50
\multlinetaggap=\skip51
\mathdisplay@stack=\toks34
LaTeX Info: Redefining \[ on input line 2665.
LaTeX Info: Redefining \] on input line 2666.
)
("C:\Program Files (x86)\MiKTeX 2.90\tex\latex\amsfonts\amsfonts.sty"
Package: amsfonts 2013/01/14 v3.01 Basic AMSFonts support
\symAMSa=\mathgroup4
\symAMSb=\mathgroup5
LaTeX Font Info:    Overwriting math alphabet `\mathfrak' in version `bold'
(Font)                  U/euf/m/n --> U/euf/b/n on input line 106.
)
("C:\Program Files (x86)\MiKTeX 2.90\tex\latex\amsfonts\amssymb.sty"
Package: amssymb 2013/01/14 v3.01 AMS font symbols
)
("C:\Program Files (x86)\MiKTeX 2.90\tex\latex\booktabs\booktabs.sty"
Package: booktabs 2005/04/14 v1.61803 publication quality tables
\heavyrulewidth=\dimen193
\lightrulewidth=\dimen194
\cmidrulewidth=\dimen195
\belowrulesep=\dimen196
\belowbottomsep=\dimen197
\aboverulesep=\dimen198
\abovetopsep=\dimen199
\cmidrulesep=\dimen200
\cmidrulekern=\dimen201
\defaultaddspace=\dimen202
\@cmidla=\count133
\@cmidlb=\count134
\@aboverulesep=\dimen203
\@belowrulesep=\dimen204
\@thisruleclass=\count135
\@lastruleclass=\count136
\@thisrulewidth=\dimen205
)
("C:\Program Files (x86)\MiKTeX 2.90\tex\latex\tools\multicol.sty"
Package: multicol 2011/06/27 v1.7a multicolumn formatting (FMi)
\c@tracingmulticols=\count137


Package multicol Warning: May not work with the twocolumn option on input line 
135.

\mult@box=\box62
\multicol@leftmargin=\dimen206
\c@unbalance=\count138
\c@collectmore=\count139
\doublecol@number=\count140
\multicoltolerance=\count141
\multicolpretolerance=\count142
\full@width=\dimen207
\page@free=\dimen208
\premulticols=\dimen209
\postmulticols=\dimen210
\multicolsep=\skip52
\multicolbaselineskip=\skip53
\partial@page=\box63
\last@line=\box64
\mult@rightbox=\box65
\mult@grightbox=\box66
\mult@gfirstbox=\box67
\mult@firstbox=\box68
\@tempa=\box69
\@tempa=\box70
\@tempa=\box71
\@tempa=\box72
\@tempa=\box73
\@tempa=\box74
\@tempa=\box75
\@tempa=\box76
\@tempa=\box77
\@tempa=\box78
\@tempa=\box79
\@tempa=\box80
\@tempa=\box81
\@tempa=\box82
\@tempa=\box83
\@tempa=\box84
\@tempa=\box85
\c@columnbadness=\count143
\c@finalcolumnbadness=\count144
\last@try=\dimen211
\multicolovershoot=\dimen212
\multicolundershoot=\dimen213
\mult@nat@firstbox=\box86
\colbreak@box=\box87
\multicol@sort@counter=\count145
) ("C:\Program Files (x86)\MiKTeX 2.90\tex\latex\multirow\multirow.sty"
\bigstrutjot=\dimen214
)
("C:\Program Files (x86)\MiKTeX 2.90\tex\latex\tools\array.sty"
Package: array 2008/09/09 v2.4c Tabular extension package (FMi)
\col@sep=\dimen215
\extrarowheight=\dimen216
\NC@list=\toks35
\extratabsurround=\skip54
\backup@length=\skip55
)
("C:\Program Files (x86)\MiKTeX 2.90\tex\latex\cite\cite.sty"
LaTeX Info: Redefining \cite on input line 302.
LaTeX Info: Redefining \nocite on input line 332.
Package: cite 2015/02/27  v 5.5
)
("C:\Program Files (x86)\MiKTeX 2.90\tex\latex\base\fixltx2e.sty"
Package: fixltx2e 2006/09/13 v1.1m fixes to LaTeX
LaTeX Info: Redefining \em on input line 420.
LaTeX Info: The control sequence `\[' is already robust on input line 471.
LaTeX Info: The control sequence `\]' is already robust on input line 472.
)
("C:\Program Files (x86)\MiKTeX 2.90\tex\latex\url\url.sty"
\Urlmuskip=\muskip11
Package: url 2013/09/16  ver 3.4  Verb mode for urls, etc.
))
("C:\Users\Ryan Helsdingen\Documents\School\ECE 385\ECE385_Labs\Experiment #4\E
xperiment4.aux"

LaTeX Warning: Label `fig:pre-lab-design-analysis' multiply defined.

)
LaTeX Font Info:    Checking defaults for OML/cmm/m/it on input line 18.
LaTeX Font Info:    ... okay on input line 18.
LaTeX Font Info:    Checking defaults for T1/cmr/m/n on input line 18.
LaTeX Font Info:    ... okay on input line 18.
LaTeX Font Info:    Checking defaults for OT1/cmr/m/n on input line 18.
LaTeX Font Info:    ... okay on input line 18.
LaTeX Font Info:    Checking defaults for OMS/cmsy/m/n on input line 18.
LaTeX Font Info:    ... okay on input line 18.
LaTeX Font Info:    Checking defaults for OMX/cmex/m/n on input line 18.
LaTeX Font Info:    ... okay on input line 18.
LaTeX Font Info:    Checking defaults for U/cmr/m/n on input line 18.
LaTeX Font Info:    ... okay on input line 18.
Package caption Info: Begin \AtBeginDocument code.
Package caption Info: subfig package v1.3 is loaded.
Package caption Info: End \AtBeginDocument code.
 ("C:\Program Files (x86)\MiKTeX 2.90\tex\context\base\supp-pdf.mkii"
[Loading MPS to PDF converter (version 2006.09.02).]
\scratchcounter=\count146
\scratchdimen=\dimen217
\scratchbox=\box88
\nofMPsegments=\count147
\nofMParguments=\count148
\everyMPshowfont=\toks36
\MPscratchCnt=\count149
\MPscratchDim=\dimen218
\MPnumerator=\count150
\makeMPintoPDFobject=\count151
\everyMPtoPDFconversion=\toks37
) ABD: EveryShipout initializing macros
LaTeX Font Info:    Calculating math sizes for size <11> on input line 40.
LaTeX Font Info:    Try loading font information for U+msa on input line 40.

("C:\Program Files (x86)\MiKTeX 2.90\tex\latex\amsfonts\umsa.fd"
File: umsa.fd 2013/01/14 v3.01 AMS symbols A
)
LaTeX Font Info:    Try loading font information for U+msb on input line 40.

("C:\Program Files (x86)\MiKTeX 2.90\tex\latex\amsfonts\umsb.fd"
File: umsb.fd 2013/01/14 v3.01 AMS symbols B
) [1{C:/ProgramData/MiKTeX/2.9/pdftex/config/pdftex.map}


]
Underfull \hbox (badness 10000) in paragraph at lines 70--71

 []

<pre-lab-design-analysis.png, id=13, 619.31375pt x 353.32pt>
File: pre-lab-design-analysis.png Graphic file (type png)

<use pre-lab-design-analysis.png>
Package pdftex.def Info: pre-lab-design-analysis.png used on input line 94.
(pdftex.def)             Requested size: 216.76306pt x 123.66385pt.

Underfull \hbox (badness 10000) in paragraph at lines 101--105

 []

[2 <C:/Users/Ryan Helsdingen/Documents/School/ECE 385/ECE385_Labs/Experiment #4
/pre-lab-design-analysis.png>]
<processor-comparison.png, id=21, 604.2575pt x 167.62625pt>
File: processor-comparison.png Graphic file (type png)

<use processor-comparison.png>
Package pdftex.def Info: processor-comparison.png used on input line 109.
(pdftex.def)             Requested size: 211.49329pt x 58.67006pt.

Underfull \hbox (badness 10000) in paragraph at lines 113--116

 []

<lab4-statistics.png, id=22, 727.71875pt x 269.005pt>
File: lab4-statistics.png Graphic file (type png)

<use lab4-statistics.png>
Package pdftex.def Info: lab4-statistics.png used on input line 121.
(pdftex.def)             Requested size: 254.70537pt x 94.15315pt.

Overfull \hbox (2.70537pt too wide) in paragraph at lines 121--122
 [][] 
 []


Underfull \hbox (badness 2538) in paragraph at lines 125--130
\OT1/ptm/m/n/11 higher than the carry-ripple adder? Which de-sign
 []


Underfull \hbox (badness 10000) in paragraph at lines 125--130

 []


Underfull \hbox (badness 10000) in paragraph at lines 131--132

 []


Underfull \hbox (badness 3623) in paragraph at lines 137--138
[]\OT1/ptm/m/n/11 Overall, the team suc-cess-fully demon-strated all
 []


Underfull \hbox (badness 5548) in paragraph at lines 137--138
\OT1/ptm/m/n/11 three dif-fer-ent adder con-fig-u-ra-tions (Carry-Ripple,
 []


Underfull \hbox (badness 10000) in paragraph at lines 137--138

 []


Underfull \hbox (badness 10000) in paragraph at lines 139--140

 []

[3 <C:/Users/Ryan Helsdingen/Documents/School/ECE 385/ECE385_Labs/Experiment #4
/processor-comparison.png> <C:/Users/Ryan Helsdingen/Documents/School/ECE 385/E
CE385_Labs/Experiment #4/lab4-statistics.png>]
<Schematic-Processor.png, id=29, 1284.8pt x 597.23125pt>
File: Schematic-Processor.png Graphic file (type png)

<use Schematic-Processor.png>
Package pdftex.def Info: Schematic-Processor.png used on input line 151.
(pdftex.def)             Requested size: 449.68674pt x 209.03406pt.

<processor-output-rtl-simulator.png, id=30, 881.2925pt x 519.9425pt>
File: processor-output-rtl-simulator.png Graphic file (type png)

<use processor-output-rtl-simulator.png>
Package pdftex.def Info: processor-output-rtl-simulator.png used on input line 
157.
(pdftex.def)             Requested size: 484.71237pt x 285.96925pt.
File: pre-lab-design-analysis.png Graphic file (type png)
 <use pre-lab-design-analysis.png>
Package pdftex.def Info: pre-lab-design-analysis.png used on input line 163.
(pdftex.def)             Requested size: 340.62361pt x 194.3266pt.

<state-machine-processor.png, id=31, 1234.6125pt x 368.37625pt>
File: state-machine-processor.png Graphic file (type png)

<use state-machine-processor.png>
Package pdftex.def Info: state-machine-processor.png used on input line 169.
(pdftex.def)             Requested size: 493.83626pt x 147.34789pt.

<full-adder-block-schematic.png, id=32, 801.99625pt x 599.23875pt>
File: full-adder-block-schematic.png Graphic file (type png)

<use full-adder-block-schematic.png>
Package pdftex.def Info: full-adder-block-schematic.png used on input line 175.

(pdftex.def)             Requested size: 320.79282pt x 239.69125pt.

<carry-ripple-block-schematic.png, id=33, 465.74pt x 744.7825pt>
File: carry-ripple-block-schematic.png Graphic file (type png)

<use carry-ripple-block-schematic.png>
Package pdftex.def Info: carry-ripple-block-schematic.png used on input line 18
1.
(pdftex.def)             Requested size: 186.2927pt x 297.90771pt.

<carry-lookahead-block-schematic.png, id=34, 987.69pt x 285.065pt>
File: carry-lookahead-block-schematic.png Graphic file (type png)

<use carry-lookahead-block-schematic.png>
Package pdftex.def Info: carry-lookahead-block-schematic.png used on input line
 187.
(pdftex.def)             Requested size: 395.069pt x 114.02397pt.

<four-bit-cla-block-schematic.png, id=35, 855.195pt x 504.88625pt>
File: four-bit-cla-block-schematic.png Graphic file (type png)

<use four-bit-cla-block-schematic.png>
Package pdftex.def Info: four-bit-cla-block-schematic.png used on input line 19
3.
(pdftex.def)             Requested size: 342.07195pt x 201.95091pt.

<one-bit-cla-block-schematic.png, id=36, 835.12pt x 367.3725pt>
File: one-bit-cla-block-schematic.png Graphic file (type png)

<use one-bit-cla-block-schematic.png>
Package pdftex.def Info: one-bit-cla-block-schematic.png used on input line 199
.
(pdftex.def)             Requested size: 334.04207pt x 146.94638pt.

<carry-select-block-schematic.png, id=37, 1219.55624pt x 368.37625pt>
File: carry-select-block-schematic.png Graphic file (type png)

<use carry-select-block-schematic.png>
Package pdftex.def Info: carry-select-block-schematic.png used on input line 20
6.
(pdftex.def)             Requested size: 487.81386pt x 147.34789pt.

<four-bit-csa-block-schematic.png, id=38, 848.16875pt x 509.905pt>
File: four-bit-csa-block-schematic.png Graphic file (type png)

<use four-bit-csa-block-schematic.png>
Package pdftex.def Info: four-bit-csa-block-schematic.png used on input line 21
2.
(pdftex.def)             Requested size: 339.26149pt x 203.95837pt.

<one-bit-csa-block-schematic.png, id=39, 849.1725pt x 333.245pt>
File: one-bit-csa-block-schematic.png Graphic file (type png)

<use one-bit-csa-block-schematic.png>
Package pdftex.def Info: one-bit-csa-block-schematic.png used on input line 218
.
(pdftex.def)             Requested size: 339.66298pt x 133.29562pt.
 [4


 <C:/Users/Ryan Helsdingen/Documents/School/ECE 385/ECE385_Labs/Experiment #4/S
chematic-Processor.png> <C:/Users/Ryan Helsdingen/Documents/School/ECE 385/ECE3
85_Labs/Experiment #4/processor-output-rtl-simulator.png>] [5 <C:/Users/Ryan He
lsdingen/Documents/School/ECE 385/ECE385_Labs/Experiment #4/state-machine-proce
ssor.png> <C:/Users/Ryan Helsdingen/Documents/School/ECE 385/ECE385_Labs/Experi
ment #4/full-adder-block-schematic.png>] [6 <C:/Users/Ryan Helsdingen/Documents
/School/ECE 385/ECE385_Labs/Experiment #4/carry-ripple-block-schematic.png> <C:
/Users/Ryan Helsdingen/Documents/School/ECE 385/ECE385_Labs/Experiment #4/carry
-lookahead-block-schematic.png> <C:/Users/Ryan Helsdingen/Documents/School/ECE 
385/ECE385_Labs/Experiment #4/four-bit-cla-block-schematic.png>] [7 <C:/Users/R
yan Helsdingen/Documents/School/ECE 385/ECE385_Labs/Experiment #4/one-bit-cla-b
lock-schematic.png> <C:/Users/Ryan Helsdingen/Documents/School/ECE 385/ECE385_L
abs/Experiment #4/carry-select-block-schematic.png> <C:/Users/Ryan Helsdingen/D
ocuments/School/ECE 385/ECE385_Labs/Experiment #4/four-bit-csa-block-schematic.
png>] [8 <C:/Users/Ryan Helsdingen/Documents/School/ECE 385/ECE385_Labs/Experim
ent #4/one-bit-csa-block-schematic.png>]
("C:\Users\Ryan Helsdingen\Documents\School\ECE 385\ECE385_Labs\Experiment #4\E
xperiment4.aux")

LaTeX Warning: There were multiply-defined labels.

 ) 
Here is how much of TeX's memory you used:
 22309 strings out of 493921
 516224 string characters out of 3144445
 660017 words of memory out of 3000000
 25201 multiletter control sequences out of 15000+200000
 35667 words of font info for 75 fonts, out of 3000000 for 9000
 844 hyphenation exceptions out of 8191
 64i,8n,67p,1169b,296s stack positions out of 5000i,500n,10000p,200000b,50000s
{C:/Program Files (x86)/MiKTeX 2.90/fonts/enc/dvips/fontname/8r.enc}<C:/Progr
am Files (x86)/MiKTeX 2.90/fonts/type1/public/amsfonts/cm/cmmi10.pfb><C:/Progra
m Files (x86)/MiKTeX 2.90/fonts/type1/public/amsfonts/cm/cmmi8.pfb><C:/Program 
Files (x86)/MiKTeX 2.90/fonts/type1/public/amsfonts/cm/cmr10.pfb><C:/Program Fi
les (x86)/MiKTeX 2.90/fonts/type1/public/amsfonts/cm/cmr8.pfb><C:/Program Files
 (x86)/MiKTeX 2.90/fonts/type1/public/amsfonts/cm/cmsy10.pfb><C:/Program Files 
(x86)/MiKTeX 2.90/fonts/type1/urw/times/utmb8a.pfb><C:/Program Files (x86)/MiKT
eX 2.90/fonts/type1/urw/times/utmr8a.pfb><C:/Program Files (x86)/MiKTeX 2.90/fo
nts/type1/urw/times/utmri8a.pfb>
Output written on Experiment4.pdf (8 pages, 2015116 bytes).
PDF statistics:
 94 PDF objects out of 1000 (max. 8388607)
 0 named destinations out of 1000 (max. 500000)
 83 words of extra memory for PDF output out of 10000 (max. 10000000)

