Analysis & Synthesis report for multiplier
Fri Feb 19 17:14:03 2016
Quartus Prime Version 15.1.0 Build 185 10/21/2015 SJ Lite Edition


---------------------
; Table of Contents ;
---------------------
  1. Legal Notice
  2. Analysis & Synthesis Summary
  3. Analysis & Synthesis Settings
  4. Parallel Compilation
  5. Analysis & Synthesis Source Files Read
  6. Analysis & Synthesis Resource Usage Summary
  7. Analysis & Synthesis Resource Utilization by Entity
  8. General Register Statistics
  9. Inverted Register Statistics
 10. Multiplexer Restructuring Statistics (Restructuring Performed)
 11. Port Connectivity Checks: "full_9_bit_add_subtract:adder|full_adder:full_adder9"
 12. Post-Synthesis Netlist Statistics for Top Partition
 13. Elapsed Time Per Partition
 14. Analysis & Synthesis Messages
 15. Analysis & Synthesis Suppressed Messages



----------------
; Legal Notice ;
----------------
Copyright (C) 1991-2015 Altera Corporation. All rights reserved.
Your use of Altera Corporation's design tools, logic functions 
and other software and tools, and its AMPP partner logic 
functions, and any output files from any of the foregoing 
(including device programming or simulation files), and any 
associated documentation or information are expressly subject 
to the terms and conditions of the Altera Program License 
Subscription Agreement, the Altera Quartus Prime License Agreement,
the Altera MegaCore Function License Agreement, or other 
applicable license agreement, including, without limitation, 
that your use is for the sole purpose of programming logic 
devices manufactured by Altera and sold by Altera or its 
authorized distributors.  Please refer to the applicable 
agreement for further details.



+----------------------------------------------------------------------------------+
; Analysis & Synthesis Summary                                                     ;
+------------------------------------+---------------------------------------------+
; Analysis & Synthesis Status        ; Successful - Fri Feb 19 17:14:03 2016       ;
; Quartus Prime Version              ; 15.1.0 Build 185 10/21/2015 SJ Lite Edition ;
; Revision Name                      ; multiplier                                  ;
; Top-level Entity Name              ; multiplier                                  ;
; Family                             ; Cyclone IV E                                ;
; Total logic elements               ; 95                                          ;
;     Total combinational functions  ; 94                                          ;
;     Dedicated logic registers      ; 38                                          ;
; Total registers                    ; 38                                          ;
; Total pins                         ; 57                                          ;
; Total virtual pins                 ; 0                                           ;
; Total memory bits                  ; 0                                           ;
; Embedded Multiplier 9-bit elements ; 0                                           ;
; Total PLLs                         ; 0                                           ;
+------------------------------------+---------------------------------------------+


+----------------------------------------------------------------------------------------------------------------------+
; Analysis & Synthesis Settings                                                                                        ;
+----------------------------------------------------------------------------+--------------------+--------------------+
; Option                                                                     ; Setting            ; Default Value      ;
+----------------------------------------------------------------------------+--------------------+--------------------+
; Top-level entity name                                                      ; multiplier         ; multiplier         ;
; Family name                                                                ; Cyclone IV E       ; Cyclone V          ;
; Use smart compilation                                                      ; Off                ; Off                ;
; Enable parallel Assembler and TimeQuest Timing Analyzer during compilation ; On                 ; On                 ;
; Enable compact report table                                                ; Off                ; Off                ;
; Restructure Multiplexers                                                   ; Auto               ; Auto               ;
; Create Debugging Nodes for IP Cores                                        ; Off                ; Off                ;
; Preserve fewer node names                                                  ; On                 ; On                 ;
; Disable OpenCore Plus hardware evaluation                                  ; Off                ; Off                ;
; Verilog Version                                                            ; Verilog_2001       ; Verilog_2001       ;
; VHDL Version                                                               ; VHDL_1993          ; VHDL_1993          ;
; State Machine Processing                                                   ; Auto               ; Auto               ;
; Safe State Machine                                                         ; Off                ; Off                ;
; Extract Verilog State Machines                                             ; On                 ; On                 ;
; Extract VHDL State Machines                                                ; On                 ; On                 ;
; Ignore Verilog initial constructs                                          ; Off                ; Off                ;
; Iteration limit for constant Verilog loops                                 ; 5000               ; 5000               ;
; Iteration limit for non-constant Verilog loops                             ; 250                ; 250                ;
; Add Pass-Through Logic to Inferred RAMs                                    ; On                 ; On                 ;
; Infer RAMs from Raw Logic                                                  ; On                 ; On                 ;
; Parallel Synthesis                                                         ; On                 ; On                 ;
; DSP Block Balancing                                                        ; Auto               ; Auto               ;
; NOT Gate Push-Back                                                         ; On                 ; On                 ;
; Power-Up Don't Care                                                        ; On                 ; On                 ;
; Remove Redundant Logic Cells                                               ; Off                ; Off                ;
; Remove Duplicate Registers                                                 ; On                 ; On                 ;
; Ignore CARRY Buffers                                                       ; Off                ; Off                ;
; Ignore CASCADE Buffers                                                     ; Off                ; Off                ;
; Ignore GLOBAL Buffers                                                      ; Off                ; Off                ;
; Ignore ROW GLOBAL Buffers                                                  ; Off                ; Off                ;
; Ignore LCELL Buffers                                                       ; Off                ; Off                ;
; Ignore SOFT Buffers                                                        ; On                 ; On                 ;
; Limit AHDL Integers to 32 Bits                                             ; Off                ; Off                ;
; Optimization Technique                                                     ; Balanced           ; Balanced           ;
; Carry Chain Length                                                         ; 70                 ; 70                 ;
; Auto Carry Chains                                                          ; On                 ; On                 ;
; Auto Open-Drain Pins                                                       ; On                 ; On                 ;
; Perform WYSIWYG Primitive Resynthesis                                      ; Off                ; Off                ;
; Auto ROM Replacement                                                       ; On                 ; On                 ;
; Auto RAM Replacement                                                       ; On                 ; On                 ;
; Auto DSP Block Replacement                                                 ; On                 ; On                 ;
; Auto Shift Register Replacement                                            ; Auto               ; Auto               ;
; Allow Shift Register Merging across Hierarchies                            ; Auto               ; Auto               ;
; Auto Clock Enable Replacement                                              ; On                 ; On                 ;
; Strict RAM Replacement                                                     ; Off                ; Off                ;
; Allow Synchronous Control Signals                                          ; On                 ; On                 ;
; Force Use of Synchronous Clear Signals                                     ; Off                ; Off                ;
; Auto RAM Block Balancing                                                   ; On                 ; On                 ;
; Auto RAM to Logic Cell Conversion                                          ; Off                ; Off                ;
; Auto Resource Sharing                                                      ; Off                ; Off                ;
; Allow Any RAM Size For Recognition                                         ; Off                ; Off                ;
; Allow Any ROM Size For Recognition                                         ; Off                ; Off                ;
; Allow Any Shift Register Size For Recognition                              ; Off                ; Off                ;
; Use LogicLock Constraints during Resource Balancing                        ; On                 ; On                 ;
; Ignore translate_off and synthesis_off directives                          ; Off                ; Off                ;
; Timing-Driven Synthesis                                                    ; On                 ; On                 ;
; Report Parameter Settings                                                  ; On                 ; On                 ;
; Report Source Assignments                                                  ; On                 ; On                 ;
; Report Connectivity Checks                                                 ; On                 ; On                 ;
; Ignore Maximum Fan-Out Assignments                                         ; Off                ; Off                ;
; Synchronization Register Chain Length                                      ; 2                  ; 2                  ;
; PowerPlay Power Optimization During Synthesis                              ; Normal compilation ; Normal compilation ;
; HDL message level                                                          ; Level2             ; Level2             ;
; Suppress Register Optimization Related Messages                            ; Off                ; Off                ;
; Number of Removed Registers Reported in Synthesis Report                   ; 5000               ; 5000               ;
; Number of Swept Nodes Reported in Synthesis Report                         ; 5000               ; 5000               ;
; Number of Inverted Registers Reported in Synthesis Report                  ; 100                ; 100                ;
; Clock MUX Protection                                                       ; On                 ; On                 ;
; Auto Gated Clock Conversion                                                ; Off                ; Off                ;
; Block Design Naming                                                        ; Auto               ; Auto               ;
; SDC constraint protection                                                  ; Off                ; Off                ;
; Synthesis Effort                                                           ; Auto               ; Auto               ;
; Shift Register Replacement - Allow Asynchronous Clear Signal               ; On                 ; On                 ;
; Pre-Mapping Resynthesis Optimization                                       ; Off                ; Off                ;
; Analysis & Synthesis Message Level                                         ; Medium             ; Medium             ;
; Disable Register Merging Across Hierarchies                                ; Auto               ; Auto               ;
; Resource Aware Inference For Block RAM                                     ; On                 ; On                 ;
; Synthesis Seed                                                             ; 1                  ; 1                  ;
+----------------------------------------------------------------------------+--------------------+--------------------+


+------------------------------------------+
; Parallel Compilation                     ;
+----------------------------+-------------+
; Processors                 ; Number      ;
+----------------------------+-------------+
; Number detected on machine ; 2           ;
; Maximum allowed            ; 2           ;
;                            ;             ;
; Average used               ; 1.00        ;
; Maximum used               ; 2           ;
;                            ;             ;
; Usage by Processor         ; % Time Used ;
;     Processor 1            ; 100.0%      ;
;     Processor 2            ; < 0.1%      ;
+----------------------------+-------------+


+------------------------------------------------------------------------------------------------------------------------------------------------------------------------------------------------------------------------------+
; Analysis & Synthesis Source Files Read                                                                                                                                                                                       ;
+----------------------------------+-----------------+------------------------------+--------------------------------------------------------------------------------------------------------------------------------+---------+
; File Name with User-Entered Path ; Used in Netlist ; File Type                    ; File Name with Absolute Path                                                                                                   ; Library ;
+----------------------------------+-----------------+------------------------------+--------------------------------------------------------------------------------------------------------------------------------+---------+
; x_flip_flop.sv                   ; yes             ; User SystemVerilog HDL File  ; C:/Users/Ryan Helsdingen/Documents/School/ECE 385/ECE385_Labs/Lab_Code/ECE385-Lab5-emeyer7-helsdin2/x_flip_flop.sv             ;         ;
; shift_register_8_bit.sv          ; yes             ; User SystemVerilog HDL File  ; C:/Users/Ryan Helsdingen/Documents/School/ECE 385/ECE385_Labs/Lab_Code/ECE385-Lab5-emeyer7-helsdin2/shift_register_8_bit.sv    ;         ;
; multiplier.sv                    ; yes             ; User SystemVerilog HDL File  ; C:/Users/Ryan Helsdingen/Documents/School/ECE 385/ECE385_Labs/Lab_Code/ECE385-Lab5-emeyer7-helsdin2/multiplier.sv              ;         ;
; HexDriver.sv                     ; yes             ; User SystemVerilog HDL File  ; C:/Users/Ryan Helsdingen/Documents/School/ECE 385/ECE385_Labs/Lab_Code/ECE385-Lab5-emeyer7-helsdin2/HexDriver.sv               ;         ;
; full_adder.sv                    ; yes             ; User SystemVerilog HDL File  ; C:/Users/Ryan Helsdingen/Documents/School/ECE 385/ECE385_Labs/Lab_Code/ECE385-Lab5-emeyer7-helsdin2/full_adder.sv              ;         ;
; full_9_bit_add_subtract.sv       ; yes             ; User SystemVerilog HDL File  ; C:/Users/Ryan Helsdingen/Documents/School/ECE 385/ECE385_Labs/Lab_Code/ECE385-Lab5-emeyer7-helsdin2/full_9_bit_add_subtract.sv ;         ;
; control_unit.sv                  ; yes             ; User SystemVerilog HDL File  ; C:/Users/Ryan Helsdingen/Documents/School/ECE 385/ECE385_Labs/Lab_Code/ECE385-Lab5-emeyer7-helsdin2/control_unit.sv            ;         ;
+----------------------------------+-----------------+------------------------------+--------------------------------------------------------------------------------------------------------------------------------+---------+


+---------------------------------------------------------+
; Analysis & Synthesis Resource Usage Summary             ;
+---------------------------------------------+-----------+
; Resource                                    ; Usage     ;
+---------------------------------------------+-----------+
; Estimated Total logic elements              ; 95        ;
;                                             ;           ;
; Total combinational functions               ; 94        ;
; Logic element usage by number of LUT inputs ;           ;
;     -- 4 input functions                    ; 69        ;
;     -- 3 input functions                    ; 22        ;
;     -- <=2 input functions                  ; 3         ;
;                                             ;           ;
; Logic elements by mode                      ;           ;
;     -- normal mode                          ; 94        ;
;     -- arithmetic mode                      ; 0         ;
;                                             ;           ;
; Total registers                             ; 38        ;
;     -- Dedicated logic registers            ; 38        ;
;     -- I/O registers                        ; 0         ;
;                                             ;           ;
; I/O pins                                    ; 57        ;
;                                             ;           ;
; Embedded Multiplier 9-bit elements          ; 0         ;
;                                             ;           ;
; Maximum fan-out node                        ; Clk~input ;
; Maximum fan-out                             ; 38        ;
; Total fan-out                               ; 565       ;
; Average fan-out                             ; 2.30      ;
+---------------------------------------------+-----------+


+------------------------------------------------------------------------------------------------------------------------------------------------------------------------------------------------------------------------------------+
; Analysis & Synthesis Resource Utilization by Entity                                                                                                                                                                                ;
+--------------------------------------+-------------------+--------------+-------------+--------------+---------+-----------+------+--------------+------------------------------------------------------------------+--------------+
; Compilation Hierarchy Node           ; LC Combinationals ; LC Registers ; Memory Bits ; DSP Elements ; DSP 9x9 ; DSP 18x18 ; Pins ; Virtual Pins ; Full Hierarchy Name                                              ; Library Name ;
+--------------------------------------+-------------------+--------------+-------------+--------------+---------+-----------+------+--------------+------------------------------------------------------------------+--------------+
; |multiplier                          ; 94 (0)            ; 38 (0)       ; 0           ; 0            ; 0       ; 0         ; 57   ; 0            ; |multiplier                                                      ; work         ;
;    |HexDriver:HexAL|                 ; 7 (7)             ; 0 (0)        ; 0           ; 0            ; 0       ; 0         ; 0    ; 0            ; |multiplier|HexDriver:HexAL                                      ; work         ;
;    |HexDriver:HexAU|                 ; 7 (7)             ; 0 (0)        ; 0           ; 0            ; 0       ; 0         ; 0    ; 0            ; |multiplier|HexDriver:HexAU                                      ; work         ;
;    |HexDriver:HexBL|                 ; 7 (7)             ; 0 (0)        ; 0           ; 0            ; 0       ; 0         ; 0    ; 0            ; |multiplier|HexDriver:HexBL                                      ; work         ;
;    |HexDriver:HexBU|                 ; 7 (7)             ; 0 (0)        ; 0           ; 0            ; 0       ; 0         ; 0    ; 0            ; |multiplier|HexDriver:HexBU                                      ; work         ;
;    |control_unit:control|            ; 30 (30)           ; 21 (21)      ; 0           ; 0            ; 0       ; 0         ; 0    ; 0            ; |multiplier|control_unit:control                                 ; work         ;
;    |full_9_bit_add_subtract:adder|   ; 16 (0)            ; 0 (0)        ; 0           ; 0            ; 0       ; 0         ; 0    ; 0            ; |multiplier|full_9_bit_add_subtract:adder                        ; work         ;
;       |full_adder:full_adder1|       ; 2 (2)             ; 0 (0)        ; 0           ; 0            ; 0       ; 0         ; 0    ; 0            ; |multiplier|full_9_bit_add_subtract:adder|full_adder:full_adder1 ; work         ;
;       |full_adder:full_adder2|       ; 2 (2)             ; 0 (0)        ; 0           ; 0            ; 0       ; 0         ; 0    ; 0            ; |multiplier|full_9_bit_add_subtract:adder|full_adder:full_adder2 ; work         ;
;       |full_adder:full_adder3|       ; 2 (2)             ; 0 (0)        ; 0           ; 0            ; 0       ; 0         ; 0    ; 0            ; |multiplier|full_9_bit_add_subtract:adder|full_adder:full_adder3 ; work         ;
;       |full_adder:full_adder4|       ; 2 (2)             ; 0 (0)        ; 0           ; 0            ; 0       ; 0         ; 0    ; 0            ; |multiplier|full_9_bit_add_subtract:adder|full_adder:full_adder4 ; work         ;
;       |full_adder:full_adder5|       ; 2 (2)             ; 0 (0)        ; 0           ; 0            ; 0       ; 0         ; 0    ; 0            ; |multiplier|full_9_bit_add_subtract:adder|full_adder:full_adder5 ; work         ;
;       |full_adder:full_adder6|       ; 2 (2)             ; 0 (0)        ; 0           ; 0            ; 0       ; 0         ; 0    ; 0            ; |multiplier|full_9_bit_add_subtract:adder|full_adder:full_adder6 ; work         ;
;       |full_adder:full_adder7|       ; 2 (2)             ; 0 (0)        ; 0           ; 0            ; 0       ; 0         ; 0    ; 0            ; |multiplier|full_9_bit_add_subtract:adder|full_adder:full_adder7 ; work         ;
;       |full_adder:full_adder8|       ; 2 (2)             ; 0 (0)        ; 0           ; 0            ; 0       ; 0         ; 0    ; 0            ; |multiplier|full_9_bit_add_subtract:adder|full_adder:full_adder8 ; work         ;
;    |shift_register_8_bit:register_A| ; 10 (10)           ; 8 (8)        ; 0           ; 0            ; 0       ; 0         ; 0    ; 0            ; |multiplier|shift_register_8_bit:register_A                      ; work         ;
;    |shift_register_8_bit:register_B| ; 9 (9)             ; 8 (8)        ; 0           ; 0            ; 0       ; 0         ; 0    ; 0            ; |multiplier|shift_register_8_bit:register_B                      ; work         ;
;    |x_ff:X_register|                 ; 1 (1)             ; 1 (1)        ; 0           ; 0            ; 0       ; 0         ; 0    ; 0            ; |multiplier|x_ff:X_register                                      ; work         ;
+--------------------------------------+-------------------+--------------+-------------+--------------+---------+-----------+------+--------------+------------------------------------------------------------------+--------------+
Note: For table entries with two numbers listed, the numbers in parentheses indicate the number of resources of the given type used by the specific entity alone. The numbers listed outside of parentheses indicate the total resources of the given type used by the specific entity and all of its sub-entities in the hierarchy.


+------------------------------------------------------+
; General Register Statistics                          ;
+----------------------------------------------+-------+
; Statistic                                    ; Value ;
+----------------------------------------------+-------+
; Total registers                              ; 38    ;
; Number of registers using Synchronous Clear  ; 0     ;
; Number of registers using Synchronous Load   ; 0     ;
; Number of registers using Asynchronous Clear ; 22    ;
; Number of registers using Asynchronous Load  ; 0     ;
; Number of registers using Clock Enable       ; 18    ;
; Number of registers using Preset             ; 0     ;
+----------------------------------------------+-------+


+--------------------------------------------------+
; Inverted Register Statistics                     ;
+----------------------------------------+---------+
; Inverted Register                      ; Fan out ;
+----------------------------------------+---------+
; control_unit:control|curr_state~20     ; 2       ;
; Total number of inverted registers = 1 ;         ;
+----------------------------------------+---------+


+--------------------------------------------------------------------------------------------------------------------------------------------------------------------+
; Multiplexer Restructuring Statistics (Restructuring Performed)                                                                                                     ;
+--------------------+-----------+---------------+----------------------+------------------------+------------+------------------------------------------------------+
; Multiplexer Inputs ; Bus Width ; Baseline Area ; Area if Restructured ; Saving if Restructured ; Registered ; Example Multiplexer Output                           ;
+--------------------+-----------+---------------+----------------------+------------------------+------------+------------------------------------------------------+
; 4:1                ; 8 bits    ; 16 LEs        ; 16 LEs               ; 0 LEs                  ; Yes        ; |multiplier|shift_register_8_bit:register_B|D_out[0] ;
; 4:1                ; 8 bits    ; 16 LEs        ; 16 LEs               ; 0 LEs                  ; Yes        ; |multiplier|shift_register_8_bit:register_A|D_out[0] ;
; 3:1                ; 3 bits    ; 6 LEs         ; 6 LEs                ; 0 LEs                  ; No         ; |multiplier|control_unit:control|next_state          ;
+--------------------+-----------+---------------+----------------------+------------------------+------------+------------------------------------------------------+


+-----------------------------------------------------------------------------------------------------------------+
; Port Connectivity Checks: "full_9_bit_add_subtract:adder|full_adder:full_adder9"                                ;
+-------+--------+----------+-------------------------------------------------------------------------------------+
; Port  ; Type   ; Severity ; Details                                                                             ;
+-------+--------+----------+-------------------------------------------------------------------------------------+
; c_out ; Output ; Info     ; Connected to dangling logic. Logic that only feeds a dangling port will be removed. ;
+-------+--------+----------+-------------------------------------------------------------------------------------+


+-----------------------------------------------------+
; Post-Synthesis Netlist Statistics for Top Partition ;
+-----------------------+-----------------------------+
; Type                  ; Count                       ;
+-----------------------+-----------------------------+
; boundary_port         ; 57                          ;
; cycloneiii_ff         ; 38                          ;
;     CLR               ; 20                          ;
;     ENA               ; 16                          ;
;     ENA CLR           ; 2                           ;
; cycloneiii_lcell_comb ; 98                          ;
;     normal            ; 98                          ;
;         1 data inputs ; 4                           ;
;         2 data inputs ; 3                           ;
;         3 data inputs ; 22                          ;
;         4 data inputs ; 69                          ;
;                       ;                             ;
; Max LUT depth         ; 9.00                        ;
; Average LUT depth     ; 3.22                        ;
+-----------------------+-----------------------------+


+-------------------------------+
; Elapsed Time Per Partition    ;
+----------------+--------------+
; Partition Name ; Elapsed Time ;
+----------------+--------------+
; Top            ; 00:00:06     ;
+----------------+--------------+


+-------------------------------+
; Analysis & Synthesis Messages ;
+-------------------------------+
Info: *******************************************************************
Info: Running Quartus Prime Analysis & Synthesis
    Info: Version 15.1.0 Build 185 10/21/2015 SJ Lite Edition
    Info: Processing started: Fri Feb 19 17:11:24 2016
Info: Command: quartus_map --read_settings_files=on --write_settings_files=off multiplier -c multiplier
Info (20030): Parallel compilation is enabled and will use 2 of the 2 processors detected
Info (12021): Found 1 design units, including 1 entities, in source file x_flip_flop.sv
    Info (12023): Found entity 1: x_ff File: C:/Users/Ryan Helsdingen/Documents/School/ECE 385/ECE385_Labs/Lab_Code/ECE385-Lab5-emeyer7-helsdin2/x_flip_flop.sv Line: 1
Info (12021): Found 1 design units, including 1 entities, in source file testbench.sv
    Info (12023): Found entity 1: testbench File: C:/Users/Ryan Helsdingen/Documents/School/ECE 385/ECE385_Labs/Lab_Code/ECE385-Lab5-emeyer7-helsdin2/testbench.sv Line: 1
Info (12021): Found 1 design units, including 1 entities, in source file shift_register_8_bit.sv
    Info (12023): Found entity 1: shift_register_8_bit File: C:/Users/Ryan Helsdingen/Documents/School/ECE 385/ECE385_Labs/Lab_Code/ECE385-Lab5-emeyer7-helsdin2/shift_register_8_bit.sv Line: 1
Info (12021): Found 1 design units, including 1 entities, in source file multiplier.sv
    Info (12023): Found entity 1: multiplier File: C:/Users/Ryan Helsdingen/Documents/School/ECE 385/ECE385_Labs/Lab_Code/ECE385-Lab5-emeyer7-helsdin2/multiplier.sv Line: 10
Info (12021): Found 1 design units, including 1 entities, in source file hexdriver.sv
    Info (12023): Found entity 1: HexDriver File: C:/Users/Ryan Helsdingen/Documents/School/ECE 385/ECE385_Labs/Lab_Code/ECE385-Lab5-emeyer7-helsdin2/HexDriver.sv Line: 1
Info (12021): Found 1 design units, including 1 entities, in source file full_adder.sv
    Info (12023): Found entity 1: full_adder File: C:/Users/Ryan Helsdingen/Documents/School/ECE 385/ECE385_Labs/Lab_Code/ECE385-Lab5-emeyer7-helsdin2/full_adder.sv Line: 1
Info (12021): Found 1 design units, including 1 entities, in source file full_9_bit_add_subtract.sv
    Info (12023): Found entity 1: full_9_bit_add_subtract File: C:/Users/Ryan Helsdingen/Documents/School/ECE 385/ECE385_Labs/Lab_Code/ECE385-Lab5-emeyer7-helsdin2/full_9_bit_add_subtract.sv Line: 1
Info (12021): Found 1 design units, including 1 entities, in source file control_unit.sv
    Info (12023): Found entity 1: control_unit File: C:/Users/Ryan Helsdingen/Documents/School/ECE 385/ECE385_Labs/Lab_Code/ECE385-Lab5-emeyer7-helsdin2/control_unit.sv Line: 4
Info (12127): Elaborating entity "multiplier" for the top level hierarchy
Info (12128): Elaborating entity "control_unit" for hierarchy "control_unit:control" File: C:/Users/Ryan Helsdingen/Documents/School/ECE 385/ECE385_Labs/Lab_Code/ECE385-Lab5-emeyer7-helsdin2/multiplier.sv Line: 55
Info (12128): Elaborating entity "full_9_bit_add_subtract" for hierarchy "full_9_bit_add_subtract:adder" File: C:/Users/Ryan Helsdingen/Documents/School/ECE 385/ECE385_Labs/Lab_Code/ECE385-Lab5-emeyer7-helsdin2/multiplier.sv Line: 62
Info (12128): Elaborating entity "full_adder" for hierarchy "full_9_bit_add_subtract:adder|full_adder:full_adder1" File: C:/Users/Ryan Helsdingen/Documents/School/ECE 385/ECE385_Labs/Lab_Code/ECE385-Lab5-emeyer7-helsdin2/full_9_bit_add_subtract.sv Line: 16
Info (12128): Elaborating entity "shift_register_8_bit" for hierarchy "shift_register_8_bit:register_A" File: C:/Users/Ryan Helsdingen/Documents/School/ECE 385/ECE385_Labs/Lab_Code/ECE385-Lab5-emeyer7-helsdin2/multiplier.sv Line: 73
Info (12128): Elaborating entity "x_ff" for hierarchy "x_ff:X_register" File: C:/Users/Ryan Helsdingen/Documents/School/ECE 385/ECE385_Labs/Lab_Code/ECE385-Lab5-emeyer7-helsdin2/multiplier.sv Line: 91
Info (12128): Elaborating entity "HexDriver" for hierarchy "HexDriver:HexAL" File: C:/Users/Ryan Helsdingen/Documents/School/ECE 385/ECE385_Labs/Lab_Code/ECE385-Lab5-emeyer7-helsdin2/multiplier.sv Line: 96
Info (13000): Registers with preset signals will power-up high
Info (13003): DEV_CLRn pin will set, and not reset, register with preset signal due to NOT Gate Push-Back
Info (286030): Timing-Driven Synthesis is running
Info (144001): Generated suppressed messages file C:/Users/Ryan Helsdingen/Documents/School/ECE 385/ECE385_Labs/Lab_Code/ECE385-Lab5-emeyer7-helsdin2/multiplier.map.smsg
Info (16010): Generating hard_block partition "hard_block:auto_generated_inst"
    Info (16011): Adding 0 node(s), including 0 DDIO, 0 PLL, 0 transceiver and 0 LCELL
Info (21057): Implemented 152 device resources after synthesis - the final resource count might be different
    Info (21058): Implemented 12 input pins
    Info (21059): Implemented 45 output pins
    Info (21061): Implemented 95 logic cells
Info: Quartus Prime Analysis & Synthesis was successful. 0 errors, 0 warnings
    Info: Peak virtual memory: 820 megabytes
    Info: Processing ended: Fri Feb 19 17:14:03 2016
    Info: Elapsed time: 00:02:39
    Info: Total CPU time (on all processors): 00:01:40


+------------------------------------------+
; Analysis & Synthesis Suppressed Messages ;
+------------------------------------------+
The suppressed messages can be found in C:/Users/Ryan Helsdingen/Documents/School/ECE 385/ECE385_Labs/Lab_Code/ECE385-Lab5-emeyer7-helsdin2/multiplier.map.smsg.


