This is pdfTeX, Version 3.1415926-2.5-1.40.14 (MiKTeX 2.9) (preloaded format=pdflatex 2015.8.29)  25 MAR 2016 10:51
entering extended mode
**Experiment8.tex

("C:\Users\Ryan Helsdingen\Documents\School\ECE 385\ECE385_Labs\Experiment #8\E
xperiment8.tex"
LaTeX2e <2011/06/27>
Babel <v3.8m> and hyphenation patterns for english, afrikaans, ancientgreek, ar
abic, armenian, assamese, basque, bengali, bokmal, bulgarian, catalan, coptic, 
croatian, czech, danish, dutch, esperanto, estonian, farsi, finnish, french, ga
lician, german, german-x-2013-05-26, greek, gujarati, hindi, hungarian, iceland
ic, indonesian, interlingua, irish, italian, kannada, kurmanji, latin, latvian,
 lithuanian, malayalam, marathi, mongolian, mongolianlmc, monogreek, ngerman, n
german-x-2013-05-26, nynorsk, oriya, panjabi, pinyin, polish, portuguese, roman
ian, russian, sanskrit, serbian, slovak, slovenian, spanish, swedish, swissgerm
an, tamil, telugu, turkish, turkmen, ukenglish, ukrainian, uppersorbian, usengl
ishmax, welsh, loaded.

("C:\Users\Ryan Helsdingen\Documents\School\ECE 385\ECE385_Labs\Experiment #8\I
EEEtran.cls"
Document Class: IEEEtran 2007/03/05 V1.7a by Michael Shell
-- See the "IEEEtran_HOWTO" manual for usage information.
-- http://www.michaelshell.org/tex/ieeetran/
\@IEEEtrantmpdimenA=\dimen102
\@IEEEtrantmpdimenB=\dimen103
\@IEEEtrantmpcountA=\count79
\@IEEEtrantmpcountB=\count80
\@IEEEtrantmptoksA=\toks14
LaTeX Font Info:    Try loading font information for OT1+ptm on input line 366.

("C:\Program Files (x86)\MiKTeX 2.90\tex\latex\psnfss\ot1ptm.fd"
File: ot1ptm.fd 2001/06/04 font definitions for OT1/ptm.
)
-- Using 8.5in x 11in (letter) paper.
-- Using PDF output.
\@IEEEnormalsizeunitybaselineskip=\dimen104
-- This is an 11 point document.
\CLASSINFOnormalsizebaselineskip=\dimen105
\CLASSINFOnormalsizeunitybaselineskip=\dimen106
\IEEEnormaljot=\dimen107
LaTeX Font Info:    Font shape `OT1/ptm/bx/n' in size <6> not available
(Font)              Font shape `OT1/ptm/b/n' tried instead on input line 724.
LaTeX Font Info:    Font shape `OT1/ptm/bx/it' in size <6> not available
(Font)              Font shape `OT1/ptm/b/it' tried instead on input line 724.
LaTeX Font Info:    Font shape `OT1/ptm/bx/n' in size <8> not available
(Font)              Font shape `OT1/ptm/b/n' tried instead on input line 724.
LaTeX Font Info:    Font shape `OT1/ptm/bx/it' in size <8> not available
(Font)              Font shape `OT1/ptm/b/it' tried instead on input line 724.
LaTeX Font Info:    Font shape `OT1/ptm/bx/n' in size <9> not available
(Font)              Font shape `OT1/ptm/b/n' tried instead on input line 724.
LaTeX Font Info:    Font shape `OT1/ptm/bx/it' in size <9> not available
(Font)              Font shape `OT1/ptm/b/it' tried instead on input line 724.
LaTeX Font Info:    Font shape `OT1/ptm/bx/n' in size <10> not available
(Font)              Font shape `OT1/ptm/b/n' tried instead on input line 724.
LaTeX Font Info:    Font shape `OT1/ptm/bx/it' in size <10> not available
(Font)              Font shape `OT1/ptm/b/it' tried instead on input line 724.
LaTeX Font Info:    Font shape `OT1/ptm/bx/n' in size <11> not available
(Font)              Font shape `OT1/ptm/b/n' tried instead on input line 724.
LaTeX Font Info:    Font shape `OT1/ptm/bx/it' in size <11> not available
(Font)              Font shape `OT1/ptm/b/it' tried instead on input line 724.
LaTeX Font Info:    Font shape `OT1/ptm/bx/n' in size <12> not available
(Font)              Font shape `OT1/ptm/b/n' tried instead on input line 724.
LaTeX Font Info:    Font shape `OT1/ptm/bx/it' in size <12> not available
(Font)              Font shape `OT1/ptm/b/it' tried instead on input line 724.
LaTeX Font Info:    Font shape `OT1/ptm/bx/n' in size <17> not available
(Font)              Font shape `OT1/ptm/b/n' tried instead on input line 724.
LaTeX Font Info:    Font shape `OT1/ptm/bx/it' in size <17> not available
(Font)              Font shape `OT1/ptm/b/it' tried instead on input line 724.
LaTeX Font Info:    Font shape `OT1/ptm/bx/n' in size <20> not available
(Font)              Font shape `OT1/ptm/b/n' tried instead on input line 724.
LaTeX Font Info:    Font shape `OT1/ptm/bx/it' in size <20> not available
(Font)              Font shape `OT1/ptm/b/it' tried instead on input line 724.
LaTeX Font Info:    Font shape `OT1/ptm/bx/n' in size <24> not available
(Font)              Font shape `OT1/ptm/b/n' tried instead on input line 724.
LaTeX Font Info:    Font shape `OT1/ptm/bx/it' in size <24> not available
(Font)              Font shape `OT1/ptm/b/it' tried instead on input line 724.
\IEEEilabelindentA=\dimen108
\IEEEilabelindentB=\dimen109
\IEEEilabelindent=\dimen110
\IEEEelabelindent=\dimen111
\IEEEdlabelindent=\dimen112
\IEEElabelindent=\dimen113
\IEEEiednormlabelsep=\dimen114
\IEEEiedmathlabelsep=\dimen115
\IEEEiedtopsep=\skip41
\c@section=\count81
\c@subsection=\count82
\c@subsubsection=\count83
\c@paragraph=\count84
\c@IEEEsubequation=\count85
\abovecaptionskip=\skip42
\belowcaptionskip=\skip43
\c@figure=\count86
\c@table=\count87
\@IEEEeqnnumcols=\count88
\@IEEEeqncolcnt=\count89
\@IEEEtmpitemindent=\dimen116
\c@IEEEbiography=\count90
\@IEEEtranrubishbin=\box26
)
("C:\Users\Ryan Helsdingen\Documents\School\ECE 385\ECE385_Labs\Experiment #8\h
eader.tex" ("C:\Program Files (x86)\MiKTeX 2.90\tex\latex\misc\etex.sty"
Package: etex 1998/03/26 v2.0 eTeX basic definition package (PEB)
\et@xins=\count91
)
("C:\Program Files (x86)\MiKTeX 2.90\tex\latex\listings\listings.sty"
("C:\Program Files (x86)\MiKTeX 2.90\tex\latex\graphics\keyval.sty"
Package: keyval 1999/03/16 v1.13 key=value parser (DPC)
\KV@toks@=\toks15
)
\lst@mode=\count92
\lst@gtempboxa=\box27
\lst@token=\toks16
\lst@length=\count93
\lst@currlwidth=\dimen117
\lst@column=\count94
\lst@pos=\count95
\lst@lostspace=\dimen118
\lst@width=\dimen119
\lst@newlines=\count96
\lst@lineno=\count97
\lst@maxwidth=\dimen120

("C:\Program Files (x86)\MiKTeX 2.90\tex\latex\listings\lstmisc.sty"
File: lstmisc.sty 2015/06/04 1.6 (Carsten Heinz)
\c@lstnumber=\count98
\lst@skipnumbers=\count99
\lst@framebox=\box28
)
("C:\Program Files (x86)\MiKTeX 2.90\tex\latex\listings\listings.cfg"
File: listings.cfg 2015/06/04 1.6 listings configuration
))
Package: listings 2015/06/04 1.6 (Carsten Heinz)

("C:\Program Files (x86)\MiKTeX 2.90\tex\latex\setspace\setspace.sty"
Package: setspace 2011/12/19 v6.7a set line spacing
)
("C:\Program Files (x86)\MiKTeX 2.90\tex\latex\float\float.sty"
Package: float 2001/11/08 v1.3d Float enhancements (AL)
\c@float@type=\count100
\float@exts=\toks17
\float@box=\box29
\@float@everytoks=\toks18
\@floatcapt=\box30
)
("C:\Program Files (x86)\MiKTeX 2.90\tex\latex\subfig\subfig.sty"
Package: subfig 2005/06/28 ver: 1.3 subfig package

("C:\Program Files (x86)\MiKTeX 2.90\tex\latex\caption\caption.sty"
Package: caption 2013/05/02 v3.3-89 Customizing captions (AR)

("C:\Program Files (x86)\MiKTeX 2.90\tex\latex\caption\caption3.sty"
Package: caption3 2013/05/02 v1.6-88 caption3 kernel (AR)
Package caption3 Info: TeX engine: e-TeX on input line 57.
\captionmargin=\dimen121
\captionmargin@=\dimen122
\captionwidth=\dimen123
\caption@tempdima=\dimen124
\caption@indent=\dimen125
\caption@parindent=\dimen126
\caption@hangindent=\dimen127
Package caption Info: Unknown document class (or package),
(caption)             standard defaults will be used.
)

Package caption Warning: Unsupported document class (or package) detected,
(caption)                usage of the caption package is not recommended.
See the caption package documentation for explanation.

Package caption Info: \@makecaption = \long macro:#1#2->\ifx \@captype \@IEEEta
blestring \footnotesize \begin {center}{\normalfont \footnotesize #1}\\{\normal
font \footnotesize \scshape #2}\end {center}\@IEEEtablecaptionsepspace \else \@
IEEEfigurecaptionsepspace \setbox \@tempboxa \hbox {\normalfont \footnotesize {
#1.}~~ #2}\ifdim \wd \@tempboxa >\hsize \setbox \@tempboxa \hbox {\normalfont \
footnotesize {#1.}~~ }\parbox [t]{\hsize }{\normalfont \footnotesize \noindent 
\unhbox \@tempboxa #2}\else \ifCLASSOPTIONconference \hbox to\hsize {\normalfon
t \footnotesize \hfil \box \@tempboxa \hfil }\else \hbox to\hsize {\normalfont 
\footnotesize \box \@tempboxa \hfil }\fi \fi \fi .
\c@ContinuedFloat=\count101
Package caption Info: float package is loaded.
Package caption Info: listings package is loaded.
)
\c@KVtest=\count102
\sf@farskip=\skip44
\sf@captopadj=\dimen128
\sf@capskip=\skip45
\sf@nearskip=\skip46
\c@subfigure=\count103
\c@subfigure@save=\count104
\c@lofdepth=\count105
\c@subtable=\count106
\c@subtable@save=\count107
\c@lotdepth=\count108
\sf@top=\skip47
\sf@bottom=\skip48
) ("C:\Program Files (x86)\MiKTeX 2.90\tex\latex\graphics\graphicx.sty"
Package: graphicx 1999/02/16 v1.0f Enhanced LaTeX Graphics (DPC,SPQR)

("C:\Program Files (x86)\MiKTeX 2.90\tex\latex\graphics\graphics.sty"
Package: graphics 2009/02/05 v1.0o Standard LaTeX Graphics (DPC,SPQR)

("C:\Program Files (x86)\MiKTeX 2.90\tex\latex\graphics\trig.sty"
Package: trig 1999/03/16 v1.09 sin cos tan (DPC)
)
("C:\Program Files (x86)\MiKTeX 2.90\tex\latex\00miktex\graphics.cfg"
File: graphics.cfg 2007/01/18 v1.5 graphics configuration of teTeX/TeXLive
)
Package graphics Info: Driver file: pdftex.def on input line 91.

("C:\Program Files (x86)\MiKTeX 2.90\tex\latex\pdftex-def\pdftex.def"
File: pdftex.def 2011/05/27 v0.06d Graphics/color for pdfTeX

("C:\Program Files (x86)\MiKTeX 2.90\tex\generic\oberdiek\infwarerr.sty"
Package: infwarerr 2010/04/08 v1.3 Providing info/warning/error messages (HO)
)
("C:\Program Files (x86)\MiKTeX 2.90\tex\generic\oberdiek\ltxcmds.sty"
Package: ltxcmds 2011/11/09 v1.22 LaTeX kernel commands for general use (HO)
)
\Gread@gobject=\count109
))
\Gin@req@height=\dimen129
\Gin@req@width=\dimen130
)
("C:\Program Files (x86)\MiKTeX 2.90\tex\latex\oberdiek\epstopdf.sty"
Package: epstopdf 2010/02/09 v2.5 Conversion with epstopdf on the fly (HO)

("C:\Program Files (x86)\MiKTeX 2.90\tex\latex\oberdiek\epstopdf-base.sty"
Package: epstopdf-base 2010/02/09 v2.5 Base part for package epstopdf

("C:\Program Files (x86)\MiKTeX 2.90\tex\latex\oberdiek\grfext.sty"
Package: grfext 2010/08/19 v1.1 Manage graphics extensions (HO)

("C:\Program Files (x86)\MiKTeX 2.90\tex\generic\oberdiek\kvdefinekeys.sty"
Package: kvdefinekeys 2011/04/07 v1.3 Define keys (HO)
))
("C:\Program Files (x86)\MiKTeX 2.90\tex\latex\oberdiek\kvoptions.sty"
Package: kvoptions 2011/06/30 v3.11 Key value format for package options (HO)

("C:\Program Files (x86)\MiKTeX 2.90\tex\generic\oberdiek\kvsetkeys.sty"
Package: kvsetkeys 2012/04/25 v1.16 Key value parser (HO)

("C:\Program Files (x86)\MiKTeX 2.90\tex\generic\oberdiek\etexcmds.sty"
Package: etexcmds 2011/02/16 v1.5 Avoid name clashes with e-TeX commands (HO)

("C:\Program Files (x86)\MiKTeX 2.90\tex\generic\oberdiek\ifluatex.sty"
Package: ifluatex 2010/03/01 v1.3 Provides the ifluatex switch (HO)
Package ifluatex Info: LuaTeX not detected.
)
Package etexcmds Info: Could not find \expanded.
(etexcmds)             That can mean that you are not using pdfTeX 1.50 or
(etexcmds)             that some package has redefined \expanded.
(etexcmds)             In the latter case, load this package earlier.
)))
("C:\Program Files (x86)\MiKTeX 2.90\tex\generic\oberdiek\pdftexcmds.sty"
Package: pdftexcmds 2011/11/29 v0.20 Utility functions of pdfTeX for LuaTeX (HO
)

("C:\Program Files (x86)\MiKTeX 2.90\tex\generic\oberdiek\ifpdf.sty"
Package: ifpdf 2011/01/30 v2.3 Provides the ifpdf switch (HO)
Package ifpdf Info: pdfTeX in PDF mode is detected.
)
Package pdftexcmds Info: LuaTeX not detected.
Package pdftexcmds Info: \pdf@primitive is available.
Package pdftexcmds Info: \pdf@ifprimitive is available.
Package pdftexcmds Info: \pdfdraftmode found.
)
Package grfext Info: Graphics extension search list:
(grfext)             [.png,.pdf,.jpg,.mps,.jpeg,.jbig2,.jb2,.PNG,.PDF,.JPG,.JPE
G,.JBIG2,.JB2,.eps]
(grfext)             \AppendGraphicsExtensions on input line 452.
))
("C:\Program Files (x86)\MiKTeX 2.90\tex\latex\amsmath\amsmath.sty"
Package: amsmath 2013/01/14 v2.14 AMS math features
\@mathmargin=\skip49

For additional information on amsmath, use the `?' option.
("C:\Program Files (x86)\MiKTeX 2.90\tex\latex\amsmath\amstext.sty"
Package: amstext 2000/06/29 v2.01

("C:\Program Files (x86)\MiKTeX 2.90\tex\latex\amsmath\amsgen.sty"
File: amsgen.sty 1999/11/30 v2.0
\@emptytoks=\toks19
\ex@=\dimen131
))
("C:\Program Files (x86)\MiKTeX 2.90\tex\latex\amsmath\amsbsy.sty"
Package: amsbsy 1999/11/29 v1.2d
\pmbraise@=\dimen132
)
("C:\Program Files (x86)\MiKTeX 2.90\tex\latex\amsmath\amsopn.sty"
Package: amsopn 1999/12/14 v2.01 operator names
)
\inf@bad=\count110
LaTeX Info: Redefining \frac on input line 210.
\uproot@=\count111
\leftroot@=\count112
LaTeX Info: Redefining \overline on input line 306.
\classnum@=\count113
\DOTSCASE@=\count114
LaTeX Info: Redefining \ldots on input line 378.
LaTeX Info: Redefining \dots on input line 381.
LaTeX Info: Redefining \cdots on input line 466.
\Mathstrutbox@=\box31
\strutbox@=\box32
\big@size=\dimen133
LaTeX Font Info:    Redeclaring font encoding OML on input line 566.
LaTeX Font Info:    Redeclaring font encoding OMS on input line 567.
\macc@depth=\count115
\c@MaxMatrixCols=\count116
\dotsspace@=\muskip10
\c@parentequation=\count117
\dspbrk@lvl=\count118
\tag@help=\toks20
\row@=\count119
\column@=\count120
\maxfields@=\count121
\andhelp@=\toks21
\eqnshift@=\dimen134
\alignsep@=\dimen135
\tagshift@=\dimen136
\tagwidth@=\dimen137
\totwidth@=\dimen138
\lineht@=\dimen139
\@envbody=\toks22
\multlinegap=\skip50
\multlinetaggap=\skip51
\mathdisplay@stack=\toks23
LaTeX Info: Redefining \[ on input line 2665.
LaTeX Info: Redefining \] on input line 2666.
)
("C:\Program Files (x86)\MiKTeX 2.90\tex\latex\amsfonts\amsfonts.sty"
Package: amsfonts 2013/01/14 v3.01 Basic AMSFonts support
\symAMSa=\mathgroup4
\symAMSb=\mathgroup5
LaTeX Font Info:    Overwriting math alphabet `\mathfrak' in version `bold'
(Font)                  U/euf/m/n --> U/euf/b/n on input line 106.
)
("C:\Program Files (x86)\MiKTeX 2.90\tex\latex\amsfonts\amssymb.sty"
Package: amssymb 2013/01/14 v3.01 AMS font symbols
)
("C:\Program Files (x86)\MiKTeX 2.90\tex\latex\booktabs\booktabs.sty"
Package: booktabs 2005/04/14 v1.61803 publication quality tables
\heavyrulewidth=\dimen140
\lightrulewidth=\dimen141
\cmidrulewidth=\dimen142
\belowrulesep=\dimen143
\belowbottomsep=\dimen144
\aboverulesep=\dimen145
\abovetopsep=\dimen146
\cmidrulesep=\dimen147
\cmidrulekern=\dimen148
\defaultaddspace=\dimen149
\@cmidla=\count122
\@cmidlb=\count123
\@aboverulesep=\dimen150
\@belowrulesep=\dimen151
\@thisruleclass=\count124
\@lastruleclass=\count125
\@thisrulewidth=\dimen152
)
("C:\Program Files (x86)\MiKTeX 2.90\tex\latex\tools\multicol.sty"
Package: multicol 2011/06/27 v1.7a multicolumn formatting (FMi)
\c@tracingmulticols=\count126


Package multicol Warning: May not work with the twocolumn option on input line 
135.

\mult@box=\box33
\multicol@leftmargin=\dimen153
\c@unbalance=\count127
\c@collectmore=\count128
\doublecol@number=\count129
\multicoltolerance=\count130
\multicolpretolerance=\count131
\full@width=\dimen154
\page@free=\dimen155
\premulticols=\dimen156
\postmulticols=\dimen157
\multicolsep=\skip52
\multicolbaselineskip=\skip53
\partial@page=\box34
\last@line=\box35
\mult@rightbox=\box36
\mult@grightbox=\box37
\mult@gfirstbox=\box38
\mult@firstbox=\box39
\@tempa=\box40
\@tempa=\box41
\@tempa=\box42
\@tempa=\box43
\@tempa=\box44
\@tempa=\box45
\@tempa=\box46
\@tempa=\box47
\@tempa=\box48
\@tempa=\box49
\@tempa=\box50
\@tempa=\box51
\@tempa=\box52
\@tempa=\box53
\@tempa=\box54
\@tempa=\box55
\@tempa=\box56
\c@columnbadness=\count132
\c@finalcolumnbadness=\count133
\last@try=\dimen158
\multicolovershoot=\dimen159
\multicolundershoot=\dimen160
\mult@nat@firstbox=\box57
\colbreak@box=\box58
\multicol@sort@counter=\count134
) ("C:\Program Files (x86)\MiKTeX 2.90\tex\latex\multirow\multirow.sty"
\bigstrutjot=\dimen161
)
("C:\Program Files (x86)\MiKTeX 2.90\tex\latex\tools\array.sty"
Package: array 2008/09/09 v2.4c Tabular extension package (FMi)
\col@sep=\dimen162
\extrarowheight=\dimen163
\NC@list=\toks24
\extratabsurround=\skip54
\backup@length=\skip55
)
("C:\Program Files (x86)\MiKTeX 2.90\tex\latex\cite\cite.sty"
LaTeX Info: Redefining \cite on input line 302.
LaTeX Info: Redefining \nocite on input line 332.
Package: cite 2015/02/27  v 5.5
)
("C:\Program Files (x86)\MiKTeX 2.90\tex\latex\base\fixltx2e.sty"
Package: fixltx2e 2006/09/13 v1.1m fixes to LaTeX
LaTeX Info: Redefining \em on input line 420.
LaTeX Info: The control sequence `\[' is already robust on input line 471.
LaTeX Info: The control sequence `\]' is already robust on input line 472.
)
("C:\Program Files (x86)\MiKTeX 2.90\tex\latex\url\url.sty"
\Urlmuskip=\muskip11
Package: url 2013/09/16  ver 3.4  Verb mode for urls, etc.
))
("C:\Users\Ryan Helsdingen\Documents\School\ECE 385\ECE385_Labs\Experiment #8\E
xperiment8.aux")
LaTeX Font Info:    Checking defaults for OML/cmm/m/it on input line 18.
LaTeX Font Info:    ... okay on input line 18.
LaTeX Font Info:    Checking defaults for T1/cmr/m/n on input line 18.
LaTeX Font Info:    ... okay on input line 18.
LaTeX Font Info:    Checking defaults for OT1/cmr/m/n on input line 18.
LaTeX Font Info:    ... okay on input line 18.
LaTeX Font Info:    Checking defaults for OMS/cmsy/m/n on input line 18.
LaTeX Font Info:    ... okay on input line 18.
LaTeX Font Info:    Checking defaults for OMX/cmex/m/n on input line 18.
LaTeX Font Info:    ... okay on input line 18.
LaTeX Font Info:    Checking defaults for U/cmr/m/n on input line 18.
LaTeX Font Info:    ... okay on input line 18.
\c@lstlisting=\count135
Package caption Info: Begin \AtBeginDocument code.
Package caption Info: subfig package v1.3 is loaded.
Package caption Info: End \AtBeginDocument code.

("C:\Program Files (x86)\MiKTeX 2.90\tex\context\base\supp-pdf.mkii"
[Loading MPS to PDF converter (version 2006.09.02).]
\scratchcounter=\count136
\scratchdimen=\dimen164
\scratchbox=\box59
\nofMPsegments=\count137
\nofMParguments=\count138
\everyMPshowfont=\toks25
\MPscratchCnt=\count139
\MPscratchDim=\dimen165
\MPnumerator=\count140
\makeMPintoPDFobject=\count141
\everyMPtoPDFconversion=\toks26
)
Underfull \hbox (badness 10000) in paragraph at lines 26--27

 []


Underfull \hbox (badness 10000) in paragraph at lines 28--29

 []


Underfull \hbox (badness 1997) in paragraph at lines 32--33
\OT1/ptm/m/n/11 to be com-pleted in-cluded cre-at-ing a proper Qsys
 []


Underfull \hbox (badness 10000) in paragraph at lines 32--33

 []


Underfull \hbox (badness 1394) in paragraph at lines 35--36
[]\OT1/ptm/m/n/11 The NIOS II Sys-tem is the pro-ces-sor used for
 []


Underfull \hbox (badness 10000) in paragraph at lines 35--36

 []


Underfull \hbox (badness 3668) in paragraph at lines 40--41
[]\OT1/ptm/m/n/11 The CYC67200 chip man-ages in-for-ma-tion sent
 []

<ports.jpg, id=1, 221.32687pt x 72.27pt>
File: ports.jpg Graphic file (type jpg)
 <use ports.jpg>
Package pdftex.def Info: ports.jpg used on input line 44.
(pdftex.def)             Requested size: 232.19843pt x 75.82396pt.


LaTeX Warning: `h' float specifier changed to `ht'.

[1{C:/ProgramData/MiKTeX/2.9/pdftex/config/pdftex.map}


]
<hpiio.jpg, id=8, 328.22626pt x 86.57344pt>
File: hpiio.jpg Graphic file (type jpg)
 <use hpiio.jpg>
Package pdftex.def Info: hpiio.jpg used on input line 79.
(pdftex.def)             Requested size: 232.19843pt x 61.24562pt.

<VGAio.jpg, id=9, 443.40656pt x 113.67468pt>
File: VGAio.jpg Graphic file (type jpg)
 <use VGAio.jpg>
Package pdftex.def Info: VGAio.jpg used on input line 90.
(pdftex.def)             Requested size: 232.19843pt x 59.52919pt.

<ballio.jpg, id=10, 301.125pt x 34.62938pt>
File: ballio.jpg Graphic file (type jpg)
 <use ballio.jpg>
Package pdftex.def Info: ballio.jpg used on input line 102.
(pdftex.def)             Requested size: 232.19843pt x 26.70378pt.

<ballparam.jpg, id=11, 424.58624pt x 82.80937pt>
File: ballparam.jpg Graphic file (type jpg)
 <use ballparam.jpg>
Package pdftex.def Info: ballparam.jpg used on input line 110.
(pdftex.def)             Requested size: 232.19843pt x 45.28752pt.

<ballboundary.jpg, id=12, 305.64188pt x 82.05656pt>
File: ballboundary.jpg Graphic file (type jpg)
 <use ballboundary.jpg>
Package pdftex.def Info: ballboundary.jpg used on input line 118.
(pdftex.def)             Requested size: 232.19843pt x 62.33858pt.


LaTeX Warning: `h' float specifier changed to `ht'.

<ballkey.jpg, id=13, 283.0575pt x 256.70906pt>
File: ballkey.jpg Graphic file (type jpg)
 <use ballkey.jpg>
Package pdftex.def Info: ballkey.jpg used on input line 126.
(pdftex.def)             Requested size: 232.19843pt x 210.58896pt.


LaTeX Warning: `h' float specifier changed to `ht'.


Underfull \hbox (badness 10000) in paragraph at lines 132--133

 []

[2 <C:/Users/Ryan Helsdingen/Documents/School/ECE 385/ECE385_Labs/Experiment #8
/ports.jpg> <C:/Users/Ryan Helsdingen/Documents/School/ECE 385/ECE385_Labs/Expe
riment #8/hpiio.jpg> <C:/Users/Ryan Helsdingen/Documents/School/ECE 385/ECE385_
Labs/Experiment #8/VGAio.jpg> <C:/Users/Ryan Helsdingen/Documents/School/ECE 38
5/ECE385_Labs/Experiment #8/ballio.jpg> <C:/Users/Ryan Helsdingen/Documents/Sch
ool/ECE 385/ECE385_Labs/Experiment #8/ballparam.jpg>]
<colorio.jpg, id=17, 345.54094pt x 24.09pt>
File: colorio.jpg Graphic file (type jpg)
 <use colorio.jpg>
Package pdftex.def Info: colorio.jpg used on input line 136.
(pdftex.def)             Requested size: 232.19843pt x 16.18835pt.

Underfull \hbox (badness 10000) in paragraph at lines 140--141

 []


Underfull \hbox (badness 1406) in paragraph at lines 146--147
\OT1/ptm/m/n/11 Cy-press EZ-OTG (CY7C67200) USB con-troller on
 []


Underfull \hbox (badness 10000) in paragraph at lines 146--147

 []


Underfull \hbox (badness 10000) in paragraph at lines 150--151

 []

LaTeX Font Info:    Calculating math sizes for size <11> on input line 154.
LaTeX Font Info:    Try loading font information for U+msa on input line 154.
("C:\Program Files (x86)\MiKTeX 2.90\tex\latex\amsfonts\umsa.fd"
File: umsa.fd 2013/01/14 v3.01 AMS symbols A
)
LaTeX Font Info:    Try loading font information for U+msb on input line 154.

("C:\Program Files (x86)\MiKTeX 2.90\tex\latex\amsfonts\umsb.fd"
File: umsb.fd 2013/01/14 v3.01 AMS symbols B
)
Overfull \hbox (31.80289pt too wide) in paragraph at lines 160--161
[][][][][][][][][][][][][][][] 
 []

LaTeX Font Info:    Try loading font information for OMS+ptm on input line 161.

("C:\Program Files (x86)\MiKTeX 2.90\tex\latex\psnfss\omsptm.fd"
File: omsptm.fd 
)
LaTeX Font Info:    Font shape `OMS/ptm/m/n' in size <11> not available
(Font)              Font shape `OMS/cmsy/m/n' tried instead on input line 161.

Underfull \hbox (badness 10000) in paragraph at lines 170--171

 []


Underfull \hbox (badness 10000) in paragraph at lines 186--187

 []


Overfull \hbox (38.40295pt too wide) in paragraph at lines 194--195
[][][][][][][][][][][][][][][] 
 []

[3 <C:/Users/Ryan Helsdingen/Documents/School/ECE 385/ECE385_Labs/Experiment #8
/ballboundary.jpg> <C:/Users/Ryan Helsdingen/Documents/School/ECE 385/ECE385_La
bs/Experiment #8/ballkey.jpg> <C:/Users/Ryan Helsdingen/Documents/School/ECE 38
5/ECE385_Labs/Experiment #8/colorio.jpg>]
Overfull \hbox (18.60275pt too wide) in paragraph at lines 207--208
[][][][][][][][][][][][][] 
 []


Underfull \hbox (badness 3965) in paragraph at lines 211--212
\OT1/ptm/m/n/11 This func-tion uses the two func-tions writ-ten in
 []


Underfull \hbox (badness 10000) in paragraph at lines 241--242

 []


Underfull \hbox (badness 10000) in paragraph at lines 243--244

 []


Underfull \hbox (badness 2213) in paragraph at lines 245--246
[]\OT1/ptm/m/n/11 2. In the file io[]handler.h, why is it that the
 []


Underfull \hbox (badness 10000) in paragraph at lines 245--246

 []


Underfull \hbox (badness 10000) in paragraph at lines 247--248

 []


Underfull \hbox (badness 10000) in paragraph at lines 249--250

 []


Underfull \hbox (badness 3547) in paragraph at lines 251--252
[]\OT1/ptm/m/it/11 Answer: \OT1/ptm/m/n/11 PS/2 key-boards aren't polled, but a
re
 []


Underfull \hbox (badness 10000) in paragraph at lines 251--252

 []


Underfull \hbox (badness 10000) in paragraph at lines 253--254

 []


Underfull \hbox (badness 10000) in paragraph at lines 255--256

 []


Underfull \hbox (badness 10000) in paragraph at lines 259--260

 []

[4] <top_level_diagram.png, id=26, 795.97375pt x 799.98875pt>
File: top_level_diagram.png Graphic file (type png)

<use top_level_diagram.png>
Package pdftex.def Info: top_level_diagram.png used on input line 271.
(pdftex.def)             Requested size: 397.9859pt x 399.9934pt.
 <ball_diagram.pdf, id=28, 445.665pt x 96.36pt>
File: ball_diagram.pdf Graphic file (type pdf)

<use ball_diagram.pdf>
Package pdftex.def Info: ball_diagram.pdf used on input line 277.
(pdftex.def)             Requested size: 445.66391pt x 96.35974pt.
 <vga_diagram.png, id=29, 818.05624pt x 591.20876pt>
File: vga_diagram.png Graphic file (type png)

<use vga_diagram.png>
Package pdftex.def Info: vga_diagram.png used on input line 283.
(pdftex.def)             Requested size: 409.02711pt x 295.60365pt.

Underfull \vbox (badness 10000) has occurred while \output is active []

 [5


 <C:/Users/Ryan Helsdingen/Documents/School/ECE 385/ECE385_Labs/Experiment #8/t
op_level_diagram.png> <C:/Users/Ryan Helsdingen/Documents/School/ECE 385/ECE385
_Labs/Experiment #8/ball_diagram.pdf>]
<color_mapper_diagram.png, id=49, 909.3975pt x 246.9225pt>
File: color_mapper_diagram.png Graphic file (type png)

<use color_mapper_diagram.png>
Package pdftex.def Info: color_mapper_diagram.png used on input line 289.
(pdftex.def)             Requested size: 454.69765pt x 123.46094pt.
 [6 <C:/Users/Ryan Helsdingen/Documents/School/ECE 385/ECE385_Labs/Experiment #
8/vga_diagram.png> <C:/Users/Ryan Helsdingen/Documents/School/ECE 385/ECE385_La
bs/Experiment #8/color_mapper_diagram.png>]
("C:\Users\Ryan Helsdingen\Documents\School\ECE 385\ECE385_Labs\Experiment #8\E
xperiment8.aux") ) 
Here is how much of TeX's memory you used:
 6038 strings out of 493921
 93145 string characters out of 3144445
 165541 words of memory out of 3000000
 9221 multiletter control sequences out of 15000+200000
 33522 words of font info for 72 fonts, out of 3000000 for 9000
 844 hyphenation exceptions out of 8191
 46i,7n,42p,958b,1081s stack positions out of 5000i,500n,10000p,200000b,50000s
{C:/Program Files (x86)/MiKTeX 2.90/fonts/enc/dvips/fontname/
8r.enc}<C:/Program Files (x86)/MiKTeX 2.90/fonts/type1/public/amsfonts/cm/cmsy1
0.pfb><C:/Program Files (x86)/MiKTeX 2.90/fonts/type1/public/amsfonts/cm/cmsy8.
pfb><C:/Program Files (x86)/MiKTeX 2.90/fonts/type1/urw/times/utmr8a.pfb><C:/Pr
ogram Files (x86)/MiKTeX 2.90/fonts/type1/urw/times/utmri8a.pfb>
Output written on Experiment8.pdf (6 pages, 1015563 bytes).
PDF statistics:
 69 PDF objects out of 1000 (max. 8388607)
 0 named destinations out of 1000 (max. 500000)
 61 words of extra memory for PDF output out of 10000 (max. 10000000)

