Flow report for lab8
Thu Mar 24 09:48:55 2016
Quartus Prime Version 15.1.0 Build 185 10/21/2015 SJ Lite Edition


---------------------
; Table of Contents ;
---------------------
  1. Legal Notice
  2. Flow Summary
  3. Flow Settings
  4. Flow Non-Default Global Settings
  5. Flow Elapsed Time
  6. Flow OS Summary
  7. Flow Log
  8. Flow Messages
  9. Flow Suppressed Messages



----------------
; Legal Notice ;
----------------
Copyright (C) 1991-2015 Altera Corporation. All rights reserved.
Your use of Altera Corporation's design tools, logic functions 
and other software and tools, and its AMPP partner logic 
functions, and any output files from any of the foregoing 
(including device programming or simulation files), and any 
associated documentation or information are expressly subject 
to the terms and conditions of the Altera Program License 
Subscription Agreement, the Altera Quartus Prime License Agreement,
the Altera MegaCore Function License Agreement, or other 
applicable license agreement, including, without limitation, 
that your use is for the sole purpose of programming logic 
devices manufactured by Altera and sold by Altera or its 
authorized distributors.  Please refer to the applicable 
agreement for further details.



+----------------------------------------------------------------------------------+
; Flow Summary                                                                     ;
+------------------------------------+---------------------------------------------+
; Flow Status                        ; Successful - Thu Mar 24 09:48:05 2016       ;
; Quartus Prime Version              ; 15.1.0 Build 185 10/21/2015 SJ Lite Edition ;
; Revision Name                      ; lab8                                        ;
; Top-level Entity Name              ; lab8                                        ;
; Family                             ; Cyclone IV E                                ;
; Device                             ; EP4CE115F29C7                               ;
; Timing Models                      ; Final                                       ;
; Total logic elements               ; 3,340 / 114,480 ( 3 % )                     ;
;     Total combinational functions  ; 2,676 / 114,480 ( 2 % )                     ;
;     Dedicated logic registers      ; 2,127 / 114,480 ( 2 % )                     ;
; Total registers                    ; 2246                                        ;
; Total pins                         ; 137 / 529 ( 26 % )                          ;
; Total virtual pins                 ; 0                                           ;
; Total memory bits                  ; 44,032 / 3,981,312 ( 1 % )                  ;
; Embedded Multiplier 9-bit elements ; 4 / 532 ( < 1 % )                           ;
; Total PLLs                         ; 1 / 4 ( 25 % )                              ;
+------------------------------------+---------------------------------------------+


+-----------------------------------------+
; Flow Settings                           ;
+-------------------+---------------------+
; Option            ; Setting             ;
+-------------------+---------------------+
; Start date & time ; 03/24/2016 09:40:55 ;
; Main task         ; Compilation         ;
; Revision Name     ; lab8                ;
+-------------------+---------------------+


+----------------------------------------------------------------------------------------------------------------------------------------------------+
; Flow Non-Default Global Settings                                                                                                                   ;
+-------------------------------------+---------------------------------------------------------------+---------------+-----------------+------------+
; Assignment Name                     ; Value                                                         ; Default Value ; Entity Name     ; Section Id ;
+-------------------------------------+---------------------------------------------------------------+---------------+-----------------+------------+
; COMPILER_SIGNATURE_ID               ; 90471783033854.145883045404492                                ; --            ; --              ; --         ;
; FLOW_ENABLE_POWER_ANALYZER          ; On                                                            ; Off           ; --              ; --         ;
; MAX_CORE_JUNCTION_TEMP              ; 85                                                            ; --            ; --              ; --         ;
; MIN_CORE_JUNCTION_TEMP              ; 0                                                             ; --            ; --              ; --         ;
; MISC_FILE                           ; lab8_soc/nios_system/synthesis/../nios_system.cmp             ; --            ; --              ; --         ;
; MISC_FILE                           ; lab8_soc/nios_system/synthesis/../../nios_system.qsys         ; --            ; --              ; --         ;
; PARTITION_COLOR                     ; 16764057                                                      ; --            ; DE2_115_Default ; Top        ;
; PARTITION_COLOR                     ; 16764057                                                      ; --            ; --              ; Top        ;
; PARTITION_FITTER_PRESERVATION_LEVEL ; PLACEMENT_AND_ROUTING                                         ; --            ; DE2_115_Default ; Top        ;
; PARTITION_FITTER_PRESERVATION_LEVEL ; PLACEMENT_AND_ROUTING                                         ; --            ; --              ; Top        ;
; PARTITION_NETLIST_TYPE              ; SOURCE                                                        ; --            ; DE2_115_Default ; Top        ;
; PARTITION_NETLIST_TYPE              ; SOURCE                                                        ; --            ; --              ; Top        ;
; POWER_BOARD_THERMAL_MODEL           ; None (CONSERVATIVE)                                           ; --            ; --              ; --         ;
; POWER_DEFAULT_INPUT_IO_TOGGLE_RATE  ; 12.5 %                                                        ; 12.5%         ; --              ; --         ;
; POWER_PRESET_COOLING_SOLUTION       ; 23 MM HEAT SINK WITH 200 LFPM AIRFLOW                         ; --            ; --              ; --         ;
; SLD_FILE                            ; lab8_soc/nios_system/synthesis/nios_system.regmap             ; --            ; --              ; --         ;
; SLD_FILE                            ; lab8_soc/nios_system/synthesis/nios_system.debuginfo          ; --            ; --              ; --         ;
; SLD_INFO                            ; QSYS_NAME nios_system HAS_SOPCINFO 1 GENERATION_ID 1457833575 ; --            ; nios_system     ; --         ;
; SOPCINFO_FILE                       ; lab8_soc/nios_system/synthesis/../../nios_system.sopcinfo     ; --            ; --              ; --         ;
; SYNTHESIS_ONLY_QIP                  ; On                                                            ; --            ; --              ; --         ;
+-------------------------------------+---------------------------------------------------------------+---------------+-----------------+------------+


+-------------------------------------------------------------------------------------------------------------------------------+
; Flow Elapsed Time                                                                                                             ;
+---------------------------+--------------+-------------------------+---------------------+------------------------------------+
; Module Name               ; Elapsed Time ; Average Processors Used ; Peak Virtual Memory ; Total CPU Time (on all processors) ;
+---------------------------+--------------+-------------------------+---------------------+------------------------------------+
; Analysis & Synthesis      ; 00:02:29     ; 1.0                     ; 987 MB              ; 00:03:07                           ;
; Fitter                    ; 00:02:15     ; 1.1                     ; 1510 MB             ; 00:02:44                           ;
; Assembler                 ; 00:00:16     ; 1.0                     ; 771 MB              ; 00:00:15                           ;
; PowerPlay Power Analyzer  ; 00:00:35     ; 1.0                     ; 964 MB              ; 00:00:34                           ;
; TimeQuest Timing Analyzer ; 00:00:18     ; 1.1                     ; 952 MB              ; 00:00:16                           ;
; Total                     ; 00:05:53     ; --                      ; --                  ; 00:06:56                           ;
+---------------------------+--------------+-------------------------+---------------------+------------------------------------+


+----------------------------------------------------------------------------------------+
; Flow OS Summary                                                                        ;
+---------------------------+------------------+-----------+------------+----------------+
; Module Name               ; Machine Hostname ; OS Name   ; OS Version ; Processor type ;
+---------------------------+------------------+-----------+------------+----------------+
; Analysis & Synthesis      ; HELSDINGENR      ; Windows 8 ; 6.2        ; x86_64         ;
; Fitter                    ; HELSDINGENR      ; Windows 8 ; 6.2        ; x86_64         ;
; Assembler                 ; HELSDINGENR      ; Windows 8 ; 6.2        ; x86_64         ;
; PowerPlay Power Analyzer  ; HELSDINGENR      ; Windows 8 ; 6.2        ; x86_64         ;
; TimeQuest Timing Analyzer ; HELSDINGENR      ; Windows 8 ; 6.2        ; x86_64         ;
+---------------------------+------------------+-----------+------------+----------------+


------------
; Flow Log ;
------------
quartus_map --read_settings_files=on --write_settings_files=off lab8 -c lab8
quartus_fit --read_settings_files=off --write_settings_files=off lab8 -c lab8
quartus_asm --read_settings_files=off --write_settings_files=off lab8 -c lab8
quartus_pow --read_settings_files=off --write_settings_files=off lab8 -c lab8
quartus_sta lab8 -c lab8



