Analysis & Synthesis report for SLC3_Processor
Tue Mar 01 19:39:03 2016
Quartus II 64-Bit Version 15.0.0 Build 145 04/22/2015 SJ Web Edition


---------------------
; Table of Contents ;
---------------------
  1. Legal Notice
  2. Analysis & Synthesis Summary
  3. Analysis & Synthesis Settings
  4. Parallel Compilation
  5. Analysis & Synthesis Messages



----------------
; Legal Notice ;
----------------
Copyright (C) 1991-2015 Altera Corporation. All rights reserved.
Your use of Altera Corporation's design tools, logic functions 
and other software and tools, and its AMPP partner logic 
functions, and any output files from any of the foregoing 
(including device programming or simulation files), and any 
associated documentation or information are expressly subject 
to the terms and conditions of the Altera Program License 
Subscription Agreement, the Altera Quartus II License Agreement,
the Altera MegaCore Function License Agreement, or other 
applicable license agreement, including, without limitation, 
that your use is for the sole purpose of programming logic 
devices manufactured by Altera and sold by Altera or its 
authorized distributors.  Please refer to the applicable 
agreement for further details.



+---------------------------------------------------------------------------------+
; Analysis & Synthesis Summary                                                    ;
+------------------------------------+--------------------------------------------+
; Analysis & Synthesis Status        ; Failed - Tue Mar 01 19:39:03 2016          ;
; Quartus II 64-Bit Version          ; 15.0.0 Build 145 04/22/2015 SJ Web Edition ;
; Revision Name                      ; SLC3_Processor                             ;
; Top-level Entity Name              ; slc3                                       ;
; Family                             ; Cyclone IV E                               ;
; Total logic elements               ; N/A until Partition Merge                  ;
;     Total combinational functions  ; N/A until Partition Merge                  ;
;     Dedicated logic registers      ; N/A until Partition Merge                  ;
; Total registers                    ; N/A until Partition Merge                  ;
; Total pins                         ; N/A until Partition Merge                  ;
; Total virtual pins                 ; N/A until Partition Merge                  ;
; Total memory bits                  ; N/A until Partition Merge                  ;
; Embedded Multiplier 9-bit elements ; N/A until Partition Merge                  ;
; Total PLLs                         ; N/A until Partition Merge                  ;
+------------------------------------+--------------------------------------------+


+----------------------------------------------------------------------------------------------------------------------+
; Analysis & Synthesis Settings                                                                                        ;
+----------------------------------------------------------------------------+--------------------+--------------------+
; Option                                                                     ; Setting            ; Default Value      ;
+----------------------------------------------------------------------------+--------------------+--------------------+
; Device                                                                     ; EP4CE115F29C7      ;                    ;
; Top-level entity name                                                      ; slc3               ; SLC3_Processor     ;
; Family name                                                                ; Cyclone IV E       ; Cyclone V          ;
; Use smart compilation                                                      ; Off                ; Off                ;
; Enable parallel Assembler and TimeQuest Timing Analyzer during compilation ; On                 ; On                 ;
; Enable compact report table                                                ; Off                ; Off                ;
; Restructure Multiplexers                                                   ; Auto               ; Auto               ;
; Create Debugging Nodes for IP Cores                                        ; Off                ; Off                ;
; Preserve fewer node names                                                  ; On                 ; On                 ;
; Disable OpenCore Plus hardware evaluation                                  ; Off                ; Off                ;
; Verilog Version                                                            ; Verilog_2001       ; Verilog_2001       ;
; VHDL Version                                                               ; VHDL_1993          ; VHDL_1993          ;
; State Machine Processing                                                   ; Auto               ; Auto               ;
; Safe State Machine                                                         ; Off                ; Off                ;
; Extract Verilog State Machines                                             ; On                 ; On                 ;
; Extract VHDL State Machines                                                ; On                 ; On                 ;
; Ignore Verilog initial constructs                                          ; Off                ; Off                ;
; Iteration limit for constant Verilog loops                                 ; 5000               ; 5000               ;
; Iteration limit for non-constant Verilog loops                             ; 250                ; 250                ;
; Add Pass-Through Logic to Inferred RAMs                                    ; On                 ; On                 ;
; Infer RAMs from Raw Logic                                                  ; On                 ; On                 ;
; Parallel Synthesis                                                         ; On                 ; On                 ;
; DSP Block Balancing                                                        ; Auto               ; Auto               ;
; NOT Gate Push-Back                                                         ; On                 ; On                 ;
; Power-Up Don't Care                                                        ; On                 ; On                 ;
; Remove Redundant Logic Cells                                               ; Off                ; Off                ;
; Remove Duplicate Registers                                                 ; On                 ; On                 ;
; Ignore CARRY Buffers                                                       ; Off                ; Off                ;
; Ignore CASCADE Buffers                                                     ; Off                ; Off                ;
; Ignore GLOBAL Buffers                                                      ; Off                ; Off                ;
; Ignore ROW GLOBAL Buffers                                                  ; Off                ; Off                ;
; Ignore LCELL Buffers                                                       ; Off                ; Off                ;
; Ignore SOFT Buffers                                                        ; On                 ; On                 ;
; Limit AHDL Integers to 32 Bits                                             ; Off                ; Off                ;
; Optimization Technique                                                     ; Balanced           ; Balanced           ;
; Carry Chain Length                                                         ; 70                 ; 70                 ;
; Auto Carry Chains                                                          ; On                 ; On                 ;
; Auto Open-Drain Pins                                                       ; On                 ; On                 ;
; Perform WYSIWYG Primitive Resynthesis                                      ; Off                ; Off                ;
; Auto ROM Replacement                                                       ; On                 ; On                 ;
; Auto RAM Replacement                                                       ; On                 ; On                 ;
; Auto DSP Block Replacement                                                 ; On                 ; On                 ;
; Auto Shift Register Replacement                                            ; Auto               ; Auto               ;
; Allow Shift Register Merging across Hierarchies                            ; Auto               ; Auto               ;
; Auto Clock Enable Replacement                                              ; On                 ; On                 ;
; Strict RAM Replacement                                                     ; Off                ; Off                ;
; Allow Synchronous Control Signals                                          ; On                 ; On                 ;
; Force Use of Synchronous Clear Signals                                     ; Off                ; Off                ;
; Auto RAM Block Balancing                                                   ; On                 ; On                 ;
; Auto RAM to Logic Cell Conversion                                          ; Off                ; Off                ;
; Auto Resource Sharing                                                      ; Off                ; Off                ;
; Allow Any RAM Size For Recognition                                         ; Off                ; Off                ;
; Allow Any ROM Size For Recognition                                         ; Off                ; Off                ;
; Allow Any Shift Register Size For Recognition                              ; Off                ; Off                ;
; Use LogicLock Constraints during Resource Balancing                        ; On                 ; On                 ;
; Ignore translate_off and synthesis_off directives                          ; Off                ; Off                ;
; Timing-Driven Synthesis                                                    ; On                 ; On                 ;
; Report Parameter Settings                                                  ; On                 ; On                 ;
; Report Source Assignments                                                  ; On                 ; On                 ;
; Report Connectivity Checks                                                 ; On                 ; On                 ;
; Ignore Maximum Fan-Out Assignments                                         ; Off                ; Off                ;
; Synchronization Register Chain Length                                      ; 2                  ; 2                  ;
; PowerPlay Power Optimization During Synthesis                              ; Normal compilation ; Normal compilation ;
; HDL message level                                                          ; Level2             ; Level2             ;
; Suppress Register Optimization Related Messages                            ; Off                ; Off                ;
; Number of Removed Registers Reported in Synthesis Report                   ; 5000               ; 5000               ;
; Number of Swept Nodes Reported in Synthesis Report                         ; 5000               ; 5000               ;
; Number of Inverted Registers Reported in Synthesis Report                  ; 100                ; 100                ;
; Clock MUX Protection                                                       ; On                 ; On                 ;
; Auto Gated Clock Conversion                                                ; Off                ; Off                ;
; Block Design Naming                                                        ; Auto               ; Auto               ;
; SDC constraint protection                                                  ; Off                ; Off                ;
; Synthesis Effort                                                           ; Auto               ; Auto               ;
; Shift Register Replacement - Allow Asynchronous Clear Signal               ; On                 ; On                 ;
; Pre-Mapping Resynthesis Optimization                                       ; Off                ; Off                ;
; Analysis & Synthesis Message Level                                         ; Medium             ; Medium             ;
; Disable Register Merging Across Hierarchies                                ; Auto               ; Auto               ;
; Resource Aware Inference For Block RAM                                     ; On                 ; On                 ;
; Synthesis Seed                                                             ; 1                  ; 1                  ;
+----------------------------------------------------------------------------+--------------------+--------------------+


Parallel compilation was disabled, but you have multiple processors available. Enable parallel compilation to reduce compilation time.
+-------------------------------------+
; Parallel Compilation                ;
+----------------------------+--------+
; Processors                 ; Number ;
+----------------------------+--------+
; Number detected on machine ; 2      ;
; Maximum allowed            ; 1      ;
+----------------------------+--------+


+-------------------------------+
; Analysis & Synthesis Messages ;
+-------------------------------+
Info: *******************************************************************
Info: Running Quartus II 64-Bit Analysis & Synthesis
    Info: Version 15.0.0 Build 145 04/22/2015 SJ Web Edition
    Info: Processing started: Tue Mar 01 19:38:38 2016
Info: Command: quartus_map --read_settings_files=on --write_settings_files=off SLC3_Processor -c SLC3_Processor
Warning (20028): Parallel compilation is not licensed and has been disabled
Info (12021): Found 1 design units, including 1 entities, in source file nzp.sv
    Info (12023): Found entity 1: NZP_Reg
Info (12021): Found 4 design units, including 4 entities, in source file sext.sv
    Info (12023): Found entity 1: sext_6
    Info (12023): Found entity 2: sext_9
    Info (12023): Found entity 3: sext_11
    Info (12023): Found entity 4: sext_5
Info (12021): Found 1 design units, including 1 entities, in source file reg_file.sv
    Info (12023): Found entity 1: reg_file
Info (12021): Found 1 design units, including 1 entities, in source file alu.sv
    Info (12023): Found entity 1: ALU
Info (12021): Found 1 design units, including 1 entities, in source file adder_16_bit.sv
    Info (12023): Found entity 1: adder_16_bit
Info (12021): Found 1 design units, including 1 entities, in source file testbench.sv
    Info (12023): Found entity 1: testbench
Info (12021): Found 1 design units, including 1 entities, in source file hexdriver.sv
    Info (12023): Found entity 1: HexDriver
Info (12021): Found 1 design units, including 1 entities, in source file two_one_mux_16.sv
    Info (12023): Found entity 1: two_one_mux_16
Info (12021): Found 1 design units, including 1 entities, in source file three_one_mux_16.sv
    Info (12023): Found entity 1: three_one_mux_16
Info (12021): Found 1 design units, including 1 entities, in source file four_one_mux_16.sv
    Info (12023): Found entity 1: four_one_mux_16
Info (12021): Found 1 design units, including 1 entities, in source file tristate_buffer.sv
    Info (12023): Found entity 1: tristate_buffer
Error (10170): Verilog HDL syntax error at datapath.sv(1) near text  File: C:/Users/Eric_Meyers/Desktop/Quartus/Lab6_Code - Part 2/datapath.sv Line: 1
Error (10170): Verilog HDL syntax error at datapath.sv(1) near text "";  expecting a description File: C:/Users/Eric_Meyers/Desktop/Quartus/Lab6_Code - Part 2/datapath.sv Line: 1
Info (12021): Found 0 design units, including 0 entities, in source file datapath.sv
Info (12021): Found 1 design units, including 1 entities, in source file register_16_bit.sv
    Info (12023): Found entity 1: register_16_bit
Info (12021): Found 1 design units, including 1 entities, in source file tristate.sv
    Info (12023): Found entity 1: tristate
Info (12021): Found 2 design units, including 1 entities, in source file test_memory.sv
    Info (12022): Found design unit 1: SLC3_2 (SystemVerilog)
    Info (12023): Found entity 1: test_memory
Info (12021): Found 0 design units, including 0 entities, in source file slc3_2.sv
Info (12021): Found 1 design units, including 1 entities, in source file slc3.sv
    Info (12023): Found entity 1: slc3
Info (12021): Found 1 design units, including 1 entities, in source file mem2io.sv
    Info (12023): Found entity 1: Mem2IO
Info (12021): Found 1 design units, including 1 entities, in source file isdu.sv
    Info (12023): Found entity 1: ISDU
Error: Quartus II 64-Bit Analysis & Synthesis was unsuccessful. 2 errors, 1 warning
    Error: Peak virtual memory: 630 megabytes
    Error: Processing ended: Tue Mar 01 19:39:03 2016
    Error: Elapsed time: 00:00:25
    Error: Total CPU time (on all processors): 00:00:33


